[Message:   BepInEx] BepInEx 5.4.21.0 - Lethal Company (20.01.2024 12:18:26)
[Info   :   BepInEx] Running under Unity v2022.3.9.15351836
[Info   :   BepInEx] CLR runtime version: 4.0.30319.42000
[Info   :   BepInEx] Supports SRE: True
[Info   :   BepInEx] System platform: Bits64, Windows
[Message:   BepInEx] Preloader started
[Info   :   BepInEx] Loaded 1 patcher method from [BepInEx.Preloader 5.4.21.0]
[Info   :   BepInEx] Loaded 1 patcher method from [BepInEx.MonoMod.HookGenPatcher 1.2.1.0]
[Info   :   BepInEx] 2 patcher plugins loaded
[Info   :HookGenPatcher] Previous MMHOOK location found. Using that location to save instead.
[Info   :HookGenPatcher] Already ran for this version, reusing that file.
[Info   :HookGenPatcher] Previous MMHOOK location found. Using that location to save instead.
[Info   :HookGenPatcher] Already ran for this version, reusing that file.
[Info   :HookGenPatcher] Previous MMHOOK location found. Using that location to save instead.
[Info   :HookGenPatcher] Already ran for this version, reusing that file.
[Info   :HookGenPatcher] Previous MMHOOK location found. Using that location to save instead.
[Info   :HookGenPatcher] Already ran for this version, reusing that file.
[Info   :HookGenPatcher] Previous MMHOOK location found. Using that location to save instead.
[Info   :HookGenPatcher] Already ran for this version, reusing that file.
[Info   :HookGenPatcher] Previous MMHOOK location found. Using that location to save instead.
[Info   :HookGenPatcher] Already ran for this version, reusing that file.
[Info   :   BepInEx] Patching [UnityEngine.CoreModule] with [BepInEx.Chainloader]
[Message:   BepInEx] Preloader finished
[Message:   BepInEx] Chainloader ready
[Message:   BepInEx] Chainloader started
[Info   :   BepInEx] 71 plugins to load
[Warning:   BepInEx] Plugin [DiscountAlert 2.3.0.0] targets a wrong version of BepInEx (5.4.22.0) and might not work until you update
[Warning:   BepInEx] Plugin [AdditionalContentFramework 1.0.3] targets a wrong version of BepInEx (5.4.22.0) and might not work until you update
[Warning:   BepInEx] Plugin [LetMeLookDown 1.0.1] targets a wrong version of BepInEx (5.4.22.0) and might not work until you update
[Warning:   BepInEx] Plugin [Suit Saver 1.1.2] targets a wrong version of BepInEx (5.4.22.0) and might not work until you update
[Warning:   BepInEx] Plugin [HealthMetrics 1.0.0] targets a wrong version of BepInEx (5.4.22.0) and might not work until you update
[Warning:   BepInEx] Plugin [MoreEmotes-Sligili 1.3.3] targets a wrong version of BepInEx (5.4.22.0) and might not work until you update
[Warning:   BepInEx] Plugin [Custom Boombox Music 1.4.0] targets a wrong version of BepInEx (5.4.22.0) and might not work until you update
[Warning:   BepInEx] Plugin [Strange Objects 1.2.0.0] targets a wrong version of BepInEx (5.4.22.0) and might not work until you update
[Warning:   BepInEx] Plugin [ItemQuickSwitchMod 1.1.0] targets a wrong version of BepInEx (5.4.22.0) and might not work until you update
[Warning:   BepInEx] Plugin [Backrooms 0.1.3] targets a wrong version of BepInEx (5.4.22.0) and might not work until you update
[Info   :   BepInEx] Loading [LCMaxSoundsFix 1.1.0]
[Info   :LCMaxSoundsFix] Plugin LCMaxSoundsFix is loaded, new audio settings are applied.
[Info   :   BepInEx] Loading [AdditionalContentFramework 1.0.3]
[Info   :ACS.AdditionalContentFramework] AdditionalContentFramework - initializing...
[Info   :ACS.AdditionalContentFramework] AdditionalContentFramework - initialized!
[Info   :   BepInEx] Loading [LethalConfig 1.3.4]
[Info   :ainavt.lc.lethalconfig] Finished loading assets.
[Info   :ainavt.lc.lethalconfig] Registered config "LethalConfig/Example/Int Slider"
[Info   :ainavt.lc.lethalconfig] Registered config "LethalConfig/Example/Float Slider"
[Info   :ainavt.lc.lethalconfig] Registered config "LethalConfig/Example/Float Step Slider"
[Info   :ainavt.lc.lethalconfig] Registered config "LethalConfig/Example/Bool Checkbox"
[Info   :ainavt.lc.lethalconfig] Registered config "LethalConfig/Example/Enum Dropdown"
[Info   :ainavt.lc.lethalconfig] Registered config "LethalConfig/Example/Text Input"
[Info   :ainavt.lc.lethalconfig] Registered config "LethalConfig.ConfigItems.GenericButtonConfigItem"
[Info   :ainavt.lc.lethalconfig] Registered config "LethalConfig/Example/Int Input"
[Info   :ainavt.lc.lethalconfig] Registered config "LethalConfig/Example/Float Input"
[Info   :ainavt.lc.lethalconfig] LethalConfig loaded!
[Info   :   BepInEx] Loading [LethalLib 0.14.3]
[Info   : LethalLib] LethalLib loaded!!
[Info   :   BepInEx] Loading [YippeeScrap 1.0.7]
[Info   :ainavt.lc.yippee] Yippee scrap loaded!
[Info   :ainavt.lc.lethalconfig] Registered config "YippeeScrap/General/Yippee Rarity"
[Info   :ainavt.lc.yippee] YippeeScrap loaded!
[Info   :   BepInEx] Loading [AtlasAbyss 1.0.0]
[Debug  :AtlasAbyss] Plugin AtlasAbyss is loaded!
[Info   :   BepInEx] Loading [Terminal Api 1.5.0]
[Info   :Terminal Api] Plugin TerminalApi is loaded!
[Info   :   BepInEx] Loading [Lethal Company Input Utils 0.7.1]
[Info   :Lethal Company Input Utils] Registered InputUtilsExtendedMouse Layout Override!
[Info   :Lethal Company Input Utils] InputUtils 0.7.1 has finished loading!
[Info   :   BepInEx] Loading [Terminal History 1.0.4]
[Info   :Terminal History] 


Plugin Terminal History is loaded!



[Info   :   BepInEx] Loading [Strange Objects 1.2.0.0]
[Info   :   BepInEx] Loading [BoomboxSyncFix 1.1.0]
[Info   :BoomboxSyncFix] Plugin BoomboxSyncFix has loaded!
[Info   :   BepInEx] Loading [Quota Rollover 2.3.0]
[Info   :Quota Rollover] Mod Boxofbiscuits97.QuotraRollover is loaded!
[Info   :   BepInEx] Loading [GraphicsAPI 1.0.0]
[Info   :GraphicsAPI] Loaded asset bundle!
[Info   :GraphicsAPI] GraphicsAPI started.
[Info   :   BepInEx] Loading [LCCutscene 1.0.0]
[Info   :LCCutscene] Loaded asset bundle!
[Info   :LCCutscene] LCCutscene started.
[Info   :   BepInEx] Loading [Coroner 1.6.2]
[Info   :   Coroner] Injecting patch into Landmine.SpawnExplosion...
[Info   :   Coroner] Done.
[Info   :   Coroner] Plugin Coroner (com.elitemastereric.coroner) is loaded!
[Info   :   Coroner] Coroner loading language support: ru
[Info   :   Coroner] Loading language data from config folder: C:\Program Files (x86)\Steam\steamapps\common\Lethal Company\BepInEx\config/EliteMasterEric-Coroner
[Info   :   Coroner] Coroner loading language support: en
[Info   :   Coroner] Loading language data from config folder: C:\Program Files (x86)\Steam\steamapps\common\Lethal Company\BepInEx\config/EliteMasterEric-Coroner
[Info   :   Coroner] Checking for LC_API...
[Info   :   Coroner] LCAPI is not present.
[Info   :   Coroner] LC_API is not present! Skipping registration...
[Info   :   BepInEx] Loading [MoreCompany 1.8.1]
[Info   :MoreCompany] Loading MoreCompany...
[Info   :MoreCompany] Checking: C:\Program Files (x86)\Steam\steamapps\common\Lethal Company\BepInEx\plugins/MoreCompanyCosmetics
[Info   :MoreCompany] Read settings and cosmetics
[Info   :MoreCompany] Loaded cosmetic: builtin.3dglasses from bundle
[Info   :MoreCompany] Loaded cosmetic: builtin.bunnyears from bundle
[Info   :MoreCompany] Loaded cosmetic: builtin.denimhat from bundle
[Info   :MoreCompany] Loaded cosmetic: builtin.fancyglasses from bundle
[Info   :MoreCompany] Loaded cosmetic: builtin.partyglasses from bundle
[Info   :MoreCompany] Loaded cosmetic: builtin.gunholster from bundle
[Info   :MoreCompany] Loaded cosmetic: builtin.hardhat from bundle
[Info   :MoreCompany] Loaded cosmetic: builtin.jesterhat from bundle
[Info   :MoreCompany] Loaded cosmetic: builtin.kittyears from bundle
[Info   :MoreCompany] Loaded cosmetic: builtin.mimemask from bundle
[Info   :MoreCompany] Loaded cosmetic: builtin.fancypants from bundle
[Info   :MoreCompany] Loaded cosmetic: builtin.outoforder from bundle
[Info   :MoreCompany] Loaded cosmetic: builtin.partyhat from bundle
[Info   :MoreCompany] Loaded cosmetic: builtin.plaguemask from bundle
[Info   :MoreCompany] Loaded cosmetic: builtin.propellerhat from bundle
[Info   :MoreCompany] Loaded cosmetic: builtin.eyeballs from bundle
[Info   :MoreCompany] Loaded cosmetic: builtin.rudolph from bundle
[Info   :MoreCompany] Loaded cosmetic: builtin.santahat from bundle
[Info   :MoreCompany] Loaded cosmetic: builtin.slimething from bundle
[Info   :MoreCompany] Loaded cosmetic: builtin.tophat from bundle
[Info   :MoreCompany] Loaded cosmetic: builtin.watch from bundle
[Info   :MoreCompany] Loading USER COSMETICS...
[Info   :MoreCompany] Loaded MoreCompany FULLY
[Info   :   BepInEx] Loading [LethalExpansion(core) 1.3.15]
[Info   :LethalExpansion(core)] Plugin: LethalExpansion(core) (version: 1.3.15) is loading...
[Info   :LethalExpansion(core)] Loaded LethalExpansion: LethalExpansion, Version=1.0.0.0, Culture=neutral, PublicKeyToken=null
[Info   :LethalExpansion(core)] Patched LethalExpansion#Awake
[Info   :LethalExpansion(core)] Plugins folder found: C:\Program Files (x86)\Steam\steamapps\common\Lethal Company\BepInEx\plugins
[Info   :LethalExpansion(core)] Mod path is: C:\Program Files (x86)\Steam\steamapps\common\Lethal Company\BepInEx\plugins\jockie-LethalExpansionCore
[Info   :LethalExpansion(core)] Module 'Spring Factory Mod' v1.3.17.0 was loaded in 764ms
[Info   :LethalExpansion(core)] Module 'ImmersiveScraps' v1.3.0.0 was loaded in 780ms
[Info   :LethalExpansion(core)] Module 'Nostromo' v1.3.0.0 was loaded in 4255ms
[Info   :LethalExpansion(core)] Module '511Davida' v1.3.17.0 was loaded in 2005ms
[Info   :LethalExpansion(core)] Water support applied to the HDRenderPipelineAsset.
[Info   :LethalExpansion(core)] Plugin: LethalExpansion(core) (version: 1.3.15) is loaded.
[Info   :   BepInEx] Loading [ShipLobby 1.0.2]
[Info   :   BepInEx] Loading [Custom Boombox Music 1.4.0]
[Info   :Custom Boombox Music] Loading...
[Info   :Custom Boombox Music] Created directory at C:\Program Files (x86)\Steam\steamapps\common\Lethal Company\BepInEx\Custom Songs\Boombox Music
[Info   :Custom Boombox Music] Initializing config...
[Info   :Custom Boombox Music] Config initialized!
[Info   :Custom Boombox Music] Loading Complete!
[Info   :   BepInEx] Loading [ghostCodes 1.5.1]
[Info   :ghostCodes] ghostCodes have been detected in the terminal
[Info   :ghostCodes] ghostCodes config initialized
[Info   :   BepInEx] Loading [ItemQuickSwitchMod 1.1.0]
[Info   :ItemQuickSwitchMod] ItemQuickSwitchMod is creating binds!
[Info   :ItemQuickSwitchMod] Plugin ItemQuickSwitchMod is loaded!
[Info   :   BepInEx] Loading [FixRPCLag 1.0.0]
[Info   : FixRPCLag] Plugin dev.bobbie.fixrpclag is loaded!
[Info   :   BepInEx] Loading [DiscountAlert 2.3.0.0]
[Info   :DiscountAlert] Plugin discount.alert is loaded!
[Info   :   BepInEx] Loading [DoorFix 1.0.0]
[Info   :   DoorFix] Plugin DoorFix is loaded!
[Info   :   BepInEx] Loading [LethalThings 0.9.4]
[Info   :LethalThings] LethalLib version is 0.14.3, which is compatible with LethalThings 0.9.0+
[Info   :LethalThings] [Optional dependency] LethalCompanyInputUtils version is 0.7.1, which is compatible with LethalThings 0.8.0+
[Info   : LethalLib] [LethalLib] LethalThings is registering 26 content items!
[Info   :LethalThings] LethalThings loaded successfully!!!
[Info   :   BepInEx] Loading [LetMeLookDown 1.0.1]
[Info   :LetMeLookDown] LetMeLookDown mod loaded
[Info   :   BepInEx] Loading [MoreBlood 1.0.2]
[Info   : MoreBlood] BindingConfigs
[Info   : MoreBlood] MoreBlood loaded
[Info   :   BepInEx] Loading [TooManyEmotes 2.0.5]
[Info   :TooManyEmotes-2.0.5] BindingConfigs
[Info   :TooManyEmotes-2.0.5] Initializing custom emote hotkeys.
[Info   :TooManyEmotes-2.0.5] Successfully loaded 24 animation clips from asset bundle: Assets/emotes_complementary
[Info   :TooManyEmotes-2.0.5] Successfully loaded 74 animation clips from asset bundle: Assets/emotes_0
[Info   :TooManyEmotes-2.0.5] Successfully loaded 124 animation clips from asset bundle: Assets/emotes_1
[Info   :TooManyEmotes-2.0.5] Successfully loaded 69 animation clips from asset bundle: Assets/emotes_2
[Info   :TooManyEmotes-2.0.5] Successfully loaded 6 animation clips from asset bundle: Assets/emotes_3
[Info   :TooManyEmotes-2.0.5] Successfully loaded 4 animation clips from asset bundle: Assets/emotes_special
[Info   :TooManyEmotes-2.0.5] Successfully loaded radial menu asset.
[Info   :TooManyEmotes-2.0.5] Loaded 10 emote props.
[Info   :TooManyEmotes-2.0.5] Loading 126 dmca-free audio clips.
[Info   :TooManyEmotes-2.0.5] Loading 111 dmca audio clips.
[Info   :TooManyEmotes-2.0.5] TooManyEmotes loaded
[Info   :   BepInEx] Loading [ModelReplacementAPI 2.3.8]
[Info   :   BepInEx] Loading [More Suits 1.4.1]
[Info   :More Suits] Plugin More Suits is loaded!
[Info   :   BepInEx] Loading [ThiccCompanyModelReplacement 2.0.0]
[Info   :ThiccCompanyModelReplacement] Plugin foxgod.ThiccCompanyModelReplacement is loaded!
[Info   :   BepInEx] Loading [Suit Saver 1.1.2]
[Info   : Unity Log] [SS]: Suit Saver loaded successfully!
[Info   :   BepInEx] Loading [HoldScanButton 1.1.1]
[Info   :HoldScanButton] Plugin HoldScanButton has loaded!
[Info   :   BepInEx] Loading [LethalLevelLoader 1.1.0.6]
[Info   :LethalLevelLoader] LethalLevelLoader loaded!!
[Info   :   BepInEx] Loading [IntroTweaks 1.5.0]
[Debug  :IntroTweaks] Skipping splash screens. Ew.
[Info   :IntroTweaks] Plugin loaded.
[Info   :   BepInEx] Loading [Maxwell Scrap 1.0.1]
[Info   :   BepInEx] Loading [LethalModManager 0.0.2]
[Info   :Kyxino.LethalModManager] Loaded LethalModManager, patching.
[Info   :   BepInEx] Loading [LCBetterSaves 1.7.3]
[Info   :LCBetterSaves] Plugin LCBetterSaves is loaded!
[Info   :   BepInEx] Loading [LethalExpansion 1.3.45]
[Info   :LethalExpansion(core)] Prevented LethalExpansion from initializing
[Info   :   BepInEx] Loading [LethalNetworkAPI 2.1.6]
[Info   :LethalNetworkAPI] LethalNetworkAPI v2.1.6 has Loaded.
[Info   :   BepInEx] Loading [LethalPresents 1.0.4]
[Info   :LethalPresents] Plugin LethalPresents is loaded!
[Info   :LethalPresents] Following enemies wont be spawned from the gift:
[Info   :LethalPresents] 
[Info   :   BepInEx] Loading [Dissonance Lag Fix 1.0]
[Info   :   BepInEx] Loading [MaskedEnemyRework 3.1.1]
[Info   :MaskedEnemyRework] Plugin MaskedEnemyRework is loaded! Woohoo!
[Info   :   BepInEx] Loading [HealthMetrics 1.0.0]
[Info   :Matsuura.HealthMetrics] HealthMetrics Awake
[Info   :   BepInEx] Loading [loaforcsSoundAPI 0.1.3]
[Info   :me.loaforc.soundapi] Patching...
[Info   :me.loaforc.soundapi] Registering default fileformats
[Info   :me.loaforc.soundapi] Registering default randomness providers
[Info   :me.loaforc.soundapi] Registering default condition providers
[Info   :me.loaforc.soundapi] Setting up config...
[Info   :me.loaforc.soundapi] Searching for soundpacks...
[Debug  :loaforcsSoundAPI] C:\Program Files (x86)\Steam\steamapps\common\Lethal Company\BepInEx\plugins\AinaVT-LethalConfig\LethalConfig
[Debug  :loaforcsSoundAPI] C:\Program Files (x86)\Steam\steamapps\common\Lethal Company\BepInEx\plugins\AinaVT-YippeeScrap\YippeeScrap
[Debug  :loaforcsSoundAPI] C:\Program Files (x86)\Steam\steamapps\common\Lethal Company\BepInEx\plugins\AlexCodesGames-AdditionalSuits\resAdditionalSuits
[Debug  :loaforcsSoundAPI] C:\Program Files (x86)\Steam\steamapps\common\Lethal Company\BepInEx\plugins\Backrooms-Backrooms\backrooms
[Debug  :loaforcsSoundAPI] C:\Program Files (x86)\Steam\steamapps\common\Lethal Company\BepInEx\plugins\Badham_Mods-SCPFoundationDungeon\badhamknibbs-scp914-recipes
[Debug  :loaforcsSoundAPI] C:\Program Files (x86)\Steam\steamapps\common\Lethal Company\BepInEx\plugins\Badham_Mods-SCPFoundationDungeon\SCPCBDunGen
[Debug  :loaforcsSoundAPI] C:\Program Files (x86)\Steam\steamapps\common\Lethal Company\BepInEx\plugins\Dantor-Dantors_Mental_Hospital\DantorsMentalHospitalDunGen
[Debug  :loaforcsSoundAPI] C:\Program Files (x86)\Steam\steamapps\common\Lethal Company\BepInEx\plugins\DMF-511Davida\Modules
[Debug  :loaforcsSoundAPI] C:\Program Files (x86)\Steam\steamapps\common\Lethal Company\BepInEx\plugins\Evaisa-LethalLib\LethalLib
[Debug  :loaforcsSoundAPI] C:\Program Files (x86)\Steam\steamapps\common\Lethal Company\BepInEx\plugins\Evaisa-LethalThings\LethalThings
[Debug  :loaforcsSoundAPI] C:\Program Files (x86)\Steam\steamapps\common\Lethal Company\BepInEx\plugins\FlipMods-TooManyEmotes\Assets
[Debug  :loaforcsSoundAPI] C:\Program Files (x86)\Steam\steamapps\common\Lethal Company\BepInEx\plugins\FoxGod-ThiccCompanyModelReplacement\moresuits
[Debug  :loaforcsSoundAPI] C:\Program Files (x86)\Steam\steamapps\common\Lethal Company\BepInEx\plugins\Lordfirespeed-OdinSerializer\Odin Serializer
[Debug  :loaforcsSoundAPI] C:\Program Files (x86)\Steam\steamapps\common\Lethal Company\BepInEx\plugins\MagicalFlyingPurpleTreeSquid-Drive_Suit\moresuits
[Debug  :loaforcsSoundAPI] C:\Program Files (x86)\Steam\steamapps\common\Lethal Company\BepInEx\plugins\ManiaBania-1000_Quota_Stare\moresuits
[Debug  :loaforcsSoundAPI] C:\Program Files (x86)\Steam\steamapps\common\Lethal Company\BepInEx\plugins\Midge-PushCompany\PushCompany
[Debug  :loaforcsSoundAPI] C:\Program Files (x86)\Steam\steamapps\common\Lethal Company\BepInEx\plugins\Rune580-LethalCompany_InputUtils\LethalCompanyInputUtils
[Debug  :loaforcsSoundAPI] C:\Program Files (x86)\Steam\steamapps\common\Lethal Company\BepInEx\plugins\Sligili-More_Emotes\MoreEmotes
[Debug  :loaforcsSoundAPI] C:\Program Files (x86)\Steam\steamapps\common\Lethal Company\BepInEx\plugins\tinyhoot-ShipLobby\ShipLobby
[Debug  :loaforcsSoundAPI] C:\Program Files (x86)\Steam\steamapps\common\Lethal Company\BepInEx\plugins\x753-More_Suits\moresuits
[Debug  :loaforcsSoundAPI] C:\Program Files (x86)\Steam\steamapps\common\Lethal Company\BepInEx\plugins\xilophor-LethalNetworkAPI\LethalNetworkAPI
[Info   :me.loaforc.soundapi] Starting second thread...
[Info   :me.loaforc.soundapi] Starting internal handler
[Info   :me.loaforc.soundapi] me.loaforc.soundapi:0.1.3 has loaded!
[Info   :   BepInEx] Loading [MentalHospital 1.0.0]
[Info   :MentalHospital] Registering DantorsMentalHospital dungeon for predefined moon list.
[Info   :MentalHospital] Registering DantorsMentalHospital dungeon for moon Assurance@75 at rarity 75
[Info   :MentalHospital] Registering DantorsMentalHospital dungeon for moon Vow@75 at rarity 75
[Info   :MentalHospital] Registering DantorsMentalHospital dungeon for moon Offense@75 at rarity 75
[Info   :MentalHospital] Registering DantorsMentalHospital dungeon for moon March@75 at rarity 75
[Info   :MentalHospital] Registering DantorsMentalHospital dungeon for moon Rend@75 at rarity 75
[Info   :MentalHospital] Registering DantorsMentalHospital dungeon for moon Dine@75 at rarity 75
[Info   :MentalHospital] Registering DantorsMentalHospital dungeon for moon Titan@75 at rarity 75
[Info   :MentalHospital] Registering DantorsMentalHospital dungeon for moon PsychSanctum@9999 at rarity 9999
[Info   :MentalHospital] DantorsMentalHospital DunGen for Lethal Company [Version 1.0.0] successfully loaded.
[Info   :MentalHospital] Plugin MentalHospital is loaded!
[Info   :   BepInEx] Loading [RuntimeNetcodeRPCValidator 0.2.5]
[Info   :   BepInEx] Loading [MoreEmotes-Sligili 1.3.3]
[Info   :MoreEmotes-Sligili] MoreEmotes loaded
[Info   :RuntimeNetcodeRPCValidator] Patched 1 ServerRPC & 1 ClientRPC on NetworkBehaviour SignEmoteText.
[Info   :RuntimeNetcodeRPCValidator] Patched 1 ServerRPC & 1 ClientRPC on NetworkBehaviour SyncAnimatorToOthers.
[Info   :RuntimeNetcodeRPCValidator] Successfully registered first patch for type PlayerControllerB.Awake | Triggered by MoreEmotes
[Info   :   BepInEx] Loading [Backrooms 0.1.3]
[Info   : Backrooms] Plugin Backrooms is loaded!
[Info   :   BepInEx] Loading [Sell Tracker 1.2.1]
[Info   :Sell Tracker] Sell Tracker plugin loaded!
[Info   :   BepInEx] Loading [Better Item Scan 3.0.0.2]
[Info   :PopleZoo.BetterItemScan] Plugin BetterItemScan is loaded!
[Info   :   BepInEx] Loading [PushCompany 1.2.0]
[Info   :PushCompany] PushCompany has initialized!
[Info   :   BepInEx] Loading [QuickRestart 1.0.0]
[Info   :QuickRestart] QuickRestart loaded!
[Info   :   BepInEx] Loading [Flashlight 1.5.0]
[Info   :Flashlight] ------Flashlight done.------
[Info   :   BepInEx] Loading [WalkieUse 1.5.0]
[Info   : WalkieUse] ------Walkie done.------
[Info   : WalkieUse] Walkie in Terminal: False
[Info   :   BepInEx] Loading [Skinwalker Mod 2.0.7]
[Info   :RugbugRedfern.SkinwalkerMod] SKINWALKER MOD STARTING UP 2.0.7
[Info   :RugbugRedfern.SkinwalkerMod] VoiceEnabled_BaboonHawk VALUE LOADED FROM CONFIG: [True]
[Info   :RugbugRedfern.SkinwalkerMod] VoiceEnabled_Bracken VALUE LOADED FROM CONFIG: [True]
[Info   :RugbugRedfern.SkinwalkerMod] VoiceEnabled_BunkerSpider VALUE LOADED FROM CONFIG: [True]
[Info   :RugbugRedfern.SkinwalkerMod] VoiceEnabled_Centipede VALUE LOADED FROM CONFIG: [True]
[Info   :RugbugRedfern.SkinwalkerMod] VoiceEnabled_CoilHead VALUE LOADED FROM CONFIG: [True]
[Info   :RugbugRedfern.SkinwalkerMod] VoiceEnabled_EyelessDog VALUE LOADED FROM CONFIG: [True]
[Info   :RugbugRedfern.SkinwalkerMod] VoiceEnabled_ForestGiant VALUE LOADED FROM CONFIG: [False]
[Info   :RugbugRedfern.SkinwalkerMod] VoiceEnabled_GhostGirl VALUE LOADED FROM CONFIG: [True]
[Info   :RugbugRedfern.SkinwalkerMod] VoiceEnabled_GiantWorm VALUE LOADED FROM CONFIG: [False]
[Info   :RugbugRedfern.SkinwalkerMod] VoiceEnabled_HoardingBug VALUE LOADED FROM CONFIG: [True]
[Info   :RugbugRedfern.SkinwalkerMod] VoiceEnabled_Hygrodere VALUE LOADED FROM CONFIG: [False]
[Info   :RugbugRedfern.SkinwalkerMod] VoiceEnabled_Jester VALUE LOADED FROM CONFIG: [True]
[Info   :RugbugRedfern.SkinwalkerMod] VoiceEnabled_Masked VALUE LOADED FROM CONFIG: [True]
[Info   :RugbugRedfern.SkinwalkerMod] VoiceEnabled_Nutcracker VALUE LOADED FROM CONFIG: [True]
[Info   :RugbugRedfern.SkinwalkerMod] VoiceEnabled_SporeLizard VALUE LOADED FROM CONFIG: [True]
[Info   :RugbugRedfern.SkinwalkerMod] VoiceEnabled_Thumper VALUE LOADED FROM CONFIG: [True]
[Info   :RugbugRedfern.SkinwalkerMod] VoiceEnabled_OtherEnemies VALUE LOADED FROM CONFIG: [True]
[Info   :RugbugRedfern.SkinwalkerMod] VoiceLineFrequency VALUE LOADED FROM CONFIG: [1]
[Info   :RugbugRedfern.SkinwalkerMod] Skinwalker Mod Object Initialized
[Info   :   BepInEx] Loading [ScanFix 1.0.3]
[Info   :   ScanFix] ScanFix is loaded!
[Info   :   BepInEx] Loading [Scopophobia 1.1.1]
[Info   :Scopophobia] Scopophobia | SCP-096 has entered the facility. All remaining personnel proceed with caution.
[Info   :   BepInEx] Loading [SCPCBDunGen 3.0.0]
[Info   :SCPCBDunGen] Registering SCP dungeon for predefined moon list.
[Info   :SCPCBDunGen] Registering SCP dungeon for moon Titan at default rarity 150
[Info   :SCPCBDunGen] Registering SCP dungeon for moon Secret Labs at rarity 500
[Info   :SCPCBDunGen] Registed SCP 914 json file successfully: C:\Program Files (x86)\Steam\steamapps\common\Lethal Company\BepInEx\plugins\Badham_Mods-SCPFoundationDungeon\badhamknibbs-scp914-recipes\default.json
[Info   :SCPCBDunGen] SCP:CB DunGen for Lethal Company [Version 3.0.0] successfully loaded.
[Info   :   BepInEx] Loading [ScrollInverter 1.0.0]
[Debug  :ScrollInverter] Patching...
[Warning:  HarmonyX] AccessTools.DeclaredMethod: Could not find method for type GameNetcodeStuff.PlayerControllerB and name SwitchItem_performed and parameters 
[Error  : Unity Log] ArgumentException: Undefined target method for patch method static System.Collections.Generic.IEnumerable<HarmonyLib.CodeInstruction> ScrollInverter.Patches.PlayerControllerBPatches::InvertControlsSwitchItemPerformed(System.Collections.Generic.IEnumerable<HarmonyLib.CodeInstruction> instructions)
Stack trace:
HarmonyLib.PatchClassProcessor.PatchWithAttributes (System.Reflection.MethodBase& lastOriginal) (at <474744d65d8e460fa08cd5fd82b5d65f>:IL_0047)
HarmonyLib.PatchClassProcessor.Patch () (at <474744d65d8e460fa08cd5fd82b5d65f>:IL_006A)
Rethrow as HarmonyException: Patching exception in method null
HarmonyLib.PatchClassProcessor.ReportException (System.Exception exception, System.Reflection.MethodBase original) (at <474744d65d8e460fa08cd5fd82b5d65f>:IL_006C)
HarmonyLib.PatchClassProcessor.Patch () (at <474744d65d8e460fa08cd5fd82b5d65f>:IL_0095)
HarmonyLib.Harmony.<PatchAll>b__11_0 (System.Type type) (at <474744d65d8e460fa08cd5fd82b5d65f>:IL_0007)
HarmonyLib.CollectionExtensions.Do[T] (System.Collections.Generic.IEnumerable`1[T] sequence, System.Action`1[T] action) (at <474744d65d8e460fa08cd5fd82b5d65f>:IL_0014)
HarmonyLib.Harmony.PatchAll (System.Reflection.Assembly assembly) (at <474744d65d8e460fa08cd5fd82b5d65f>:IL_0006)
HarmonyLib.Harmony.PatchAll () (at <474744d65d8e460fa08cd5fd82b5d65f>:IL_001B)
ScrollInverter.ScrollInverter.PatchAll () (at <0db47e88258d40c5b19a7e8cf45888fe>:IL_003D)
ScrollInverter.ScrollInverter.Awake () (at <0db47e88258d40c5b19a7e8cf45888fe>:IL_0011)
UnityEngine.GameObject:AddComponent(Type)
BepInEx.Bootstrap.Chainloader:Start()
UnityEngine.Rendering.HighDefinition.HDRenderPipelineAsset:OnEnable()

[Info   :   BepInEx] Loading [GeneralImprovements 1.1.11]
[Debug  :GeneralImprovements] Configuration Initialized.
[Debug  :GeneralImprovements] Updating sell counter item limit to 24.
[Debug  :GeneralImprovements] DepositItemsDesk patched.
[Debug  :GeneralImprovements] DoorLock patched.
[Debug  :GeneralImprovements] EntranceTeleport patched.
[Debug  :GeneralImprovements] GameNetworkManager patched.
[Debug  :GeneralImprovements] GrabbableObjects patched.
[Debug  :GeneralImprovements] HangarShipDoor patched.
[Debug  :GeneralImprovements] HUDManager patched.
[Debug  :GeneralImprovements] ItemDropship patched.
[Debug  :GeneralImprovements] ManualCameraRenderer patched.
[Debug  :GeneralImprovements] Menus patched.
[Debug  :GeneralImprovements] PlayerControllerB patched.
[Debug  :GeneralImprovements] RoundManager patched.
[Debug  :GeneralImprovements] ShipBuildModeManager patched.
[Debug  :GeneralImprovements] Patched beamUpPlayer to drop dead bodies properly.
[Debug  :GeneralImprovements] Patched TeleportPlayerOutWithInverseTeleporter to keep none items.
[Debug  :GeneralImprovements] ShipTeleporter patched.
[Debug  :GeneralImprovements] StartMatchLever patched.
[Debug  :GeneralImprovements] StartOfRound patched.
[Debug  :GeneralImprovements] StormyWeather patched.
[Debug  :GeneralImprovements] TerminalAccessibleObject patched.
[Debug  :GeneralImprovements] Updating dropship item limit to 24.
[Debug  :GeneralImprovements] Terminal patched.
[Debug  :GeneralImprovements] TimeOfDay patched.
[Info   :GeneralImprovements] Loading assets...
[Info   :GeneralImprovements] GeneralImprovements v1.1.11 fully loaded.
[Info   :   BepInEx] Loading [SolarPerformanceEnhancer 1.3.6]
[Info   :   BepInEx] Loading [SpectateEnemy 2.3.1]
[Info   :SpectateEnemy] SpectateEnemy loaded!
[Info   :   BepInEx] Loading [Yippee tbh mod 1.2.4]
[Info   :sunnobunno.YippeeMod] sunnobunno.YippeeMod is loading.
[Info   :sunnobunno.YippeeMod] sunnobunno.YippeeMod is loaded. Yippee!!!
[Info   :   BepInEx] Loading [LC Always Hear Active Walkies 1.4.4]
[Info   :suskitech.LCAlwaysHearActiveWalkie] \ /
[Info   :suskitech.LCAlwaysHearActiveWalkie] /|\
[Info   :suskitech.LCAlwaysHearActiveWalkie]  |----|
[Info   :suskitech.LCAlwaysHearActiveWalkie]  |[__]| Always Hear Active Walkies
[Info   :suskitech.LCAlwaysHearActiveWalkie]  |.  .| Version 1.4.4 Loaded
[Info   :suskitech.LCAlwaysHearActiveWalkie]  |____|
[Info   :suskitech.LCAlwaysHearActiveWalkie] 
[Info   :suskitech.LCAlwaysHearActiveWalkie] AudibleDistance: 12
[Info   :suskitech.LCAlwaysHearActiveWalkie] WalkieRecordingRange: 20
[Info   :suskitech.LCAlwaysHearActiveWalkie] PlayerToPlayerSpatialHearingRange: 20
[Info   :   BepInEx] Loading [BetterSprayPaint 2.0.2]
[Info   :BetterSprayPaint] Loading taffyko.BetterSprayPaint
[Info   :   BepInEx] Loading [CoilHeadStare 1.0.9]
[Info   :TDP.CoilHeadStare] CoilHeadStare 1.0.9 loaded.
[Info   :   BepInEx] Loading [Late Company 1.0.11]
[Info   :Late Company] Late Company loaded!
[Info   :   BepInEx] Loading [NoSellLimit 1.0.1]
[Debug  :GeneralImprovements] Updating sell counter item limit to 24.
[Info   :NoSellLimit] Plugin NoSellLimit is loaded!
[Info   :   BepInEx] Loading [WeatherMultipliers 1.1.0]
[Info   :WeatherMultipliers] Plugin WeatherMultipliers is loaded!
[Info   :   BepInEx] Loading [PathfindingLagFix 1.2.1]
[Message:   BepInEx] Chainloader startup complete
[Info   :LethalLevelLoader] Finding LethalBundles!
[Info   :LethalExpansion(core)] Loading scene 'InitSceneLaunchOptions'
[Debug  :me.loaforc.soundapi] InitSceneScript
[Debug  :me.loaforc.soundapi] SelectAudio
[Info   :LethalLevelLoader] Loading Custom Content From Bundle: egyptscene.lethalbundle
[Info   :LethalLevelLoader] Loading Custom Content From Bundle: orionplanetscene.lethalbundle
[Info   :LethalLevelLoader] Loading Custom Content From Bundle: atlasabyss.lethalbundle
[Debug  :me.loaforc.soundapi] Audio1
[Debug  :me.loaforc.soundapi] Audio1
[Info   :LethalLevelLoader] Loading Custom Content From Bundle: egypt.lethalbundle
[Warning: Unity Log] The referenced script on this Behaviour (Game Object '') is missing!
[Debug  :me.loaforc.soundapi] Getting replacement for: Canvas:SelectAudio:HoverButton1
[Debug  :me.loaforc.soundapi] Getting replacement for: Canvas:SelectAudio:ButtonPress1
[Info   : Unity Log] Saving changed settings
[Warning:LethalLevelLoader] SceneManager has attempted to load InitScene Scene before AssetBundles have finished loading. Pausing request until LethalLeveLoader is ready to proceed.
[Info   :LethalLevelLoader] Loading Custom Content From Bundle: orionplanet.lethalbundle
[Info   :LethalLevelLoader] Loading Custom Content From Bundle: atlasabyssscene.lethalbundle
[Warning:LethalLevelLoader] Proceeding with the loading of InitScene Scene as LethalLevelLoader has finished loading AssetBundles.
[Info   :LethalExpansion(core)] Unloading scene: InitSceneLaunchOptions
[Info   : Unity Log] subcribing to steam callbacks
[Error  : WalkieUse] Terminal Walkie: False
[Info   :LethalExpansion(core)] Loading scene 'InitScene'
[Info   :LethalExpansion(core)] Registered prefab 'itemshipanimcontainer' from 'LethalExpansion'
[Info   :LethalExpansion(core)] Adding missing NetworkObject to EntranceTeleport 'InteractTrigger (UnityEngine.GameObject)' to fix desync issue
[Info   :LethalExpansion(core)] Added NetworkObject with id '2799764588' to 'InteractTrigger (UnityEngine.GameObject)'
[Info   :LethalExpansion(core)] Adding missing NetworkObject to EntranceTeleport 'InteractTrigger (UnityEngine.GameObject)' to fix desync issue
[Info   :LethalExpansion(core)] Added NetworkObject with id '72308356' to 'InteractTrigger (UnityEngine.GameObject)'
[Info   :LethalExpansion(core)] Adding missing NetworkObject to EntranceTeleport 'InteractTrigger (UnityEngine.GameObject)' to fix desync issue
[Info   :LethalExpansion(core)] Added NetworkObject with id '3269187488' to 'InteractTrigger (UnityEngine.GameObject)'
[Info   :LethalExpansion(core)] Adding missing NetworkObject to EntranceTeleport 'InteractTrigger (UnityEngine.GameObject)' to fix desync issue
[Info   :LethalExpansion(core)] Added NetworkObject with id '2498776733' to 'InteractTrigger (UnityEngine.GameObject)'
[Info   :LethalExpansion(core)] Adding missing NetworkObject to EntranceTeleport 'InteractTrigger (UnityEngine.GameObject)' to fix desync issue
[Info   :LethalExpansion(core)] Added NetworkObject with id '1643679207' to 'InteractTrigger (UnityEngine.GameObject)'
[Info   :LethalExpansion(core)] Adding missing NetworkObject to EntranceTeleport 'InteractTrigger (UnityEngine.GameObject)' to fix desync issue
[Info   :LethalExpansion(core)] Added NetworkObject with id '538549437' to 'InteractTrigger (UnityEngine.GameObject)'
[Info   :LethalExpansion(core)] Adding missing NetworkObject to EntranceTeleport 'InteractTrigger (UnityEngine.GameObject)' to fix desync issue
[Info   :LethalExpansion(core)] Added NetworkObject with id '2768857195' to 'InteractTrigger (UnityEngine.GameObject)'
[Info   :LethalExpansion(core)] Adding missing NetworkObject to EntranceTeleport 'InteractTrigger (UnityEngine.GameObject)' to fix desync issue
[Info   :LethalExpansion(core)] Added NetworkObject with id '1360993520' to 'InteractTrigger (UnityEngine.GameObject)'
[Info   :LethalExpansion(core)] Adding missing NetworkObject to EntranceTeleport 'InteractTrigger (UnityEngine.GameObject)' to fix desync issue
[Info   :LethalExpansion(core)] Added NetworkObject with id '1743455933' to 'InteractTrigger (UnityEngine.GameObject)'
[Info   :LethalExpansion(core)] Adding missing NetworkObject to EntranceTeleport 'InteractTrigger (UnityEngine.GameObject)' to fix desync issue
[Info   :LethalExpansion(core)] Added NetworkObject with id '1059477948' to 'InteractTrigger (UnityEngine.GameObject)'
[Info   :LethalExpansion(core)] Adding missing NetworkObject to EntranceTeleport 'InteractTrigger (UnityEngine.GameObject)' to fix desync issue
[Info   :LethalExpansion(core)] Added NetworkObject with id '1765408553' to 'InteractTrigger (UnityEngine.GameObject)'
[Info   :LethalExpansion(core)] Adding missing NetworkObject to EntranceTeleport 'InteractTrigger (UnityEngine.GameObject)' to fix desync issue
[Info   :LethalExpansion(core)] Added NetworkObject with id '2052855257' to 'InteractTrigger (UnityEngine.GameObject)'
[Info   :LethalExpansion(core)] Adding missing NetworkObject to EntranceTeleport 'InteractTrigger (UnityEngine.GameObject)' to fix desync issue
[Info   :LethalExpansion(core)] Added NetworkObject with id '2398794592' to 'InteractTrigger (UnityEngine.GameObject)'
[Info   :LethalExpansion(core)] Registered moon 'Spring Factory' from 'Spring Factory Mod'
[Info   :LethalExpansion(core)] Registered scrap 'Wine bottle' from 'ImmersiveScraps'
[Info   :LethalExpansion(core)] Registered scrap 'Traffic cone' from 'ImmersiveScraps'
[Info   :LethalExpansion(core)] Registered scrap 'Fire hydrant' from 'ImmersiveScraps'
[Info   :LethalExpansion(core)] Registered scrap 'Library lamp' from 'ImmersiveScraps'
[Info   :LethalExpansion(core)] Registered scrap 'Suitcase' from 'ImmersiveScraps'
[Info   :LethalExpansion(core)] Registered scrap 'Toaster' from 'ImmersiveScraps'
[Info   :LethalExpansion(core)] Registered scrap 'Keyboard' from 'ImmersiveScraps'
[Info   :LethalExpansion(core)] Registered scrap 'Fire extinguisher' from 'ImmersiveScraps'
[Info   :LethalExpansion(core)] Registered scrap 'Fan' from 'ImmersiveScraps'
[Info   :LethalExpansion(core)] Registered scrap 'Plant' from 'ImmersiveScraps'
[Info   :LethalExpansion(core)] Registered scrap 'Bucket' from 'ImmersiveScraps'
[Info   :LethalExpansion(core)] Registered scrap 'Plunger' from 'ImmersiveScraps'
[Info   :LethalExpansion(core)] Registered scrap 'Clock' from 'ImmersiveScraps'
[Info   :LethalExpansion(core)] Registered scrap 'Anvil' from 'ImmersiveScraps'
[Info   :LethalExpansion(core)] Registered scrap 'Wrench' from 'ImmersiveScraps'
[Info   :LethalExpansion(core)] Registered scrap 'Brick' from 'ImmersiveScraps'
[Info   :LethalExpansion(core)] Registered scrap 'Jerrycan' from 'ImmersiveScraps'
[Info   :LethalExpansion(core)] Registered scrap 'Fancy Painting' from 'ImmersiveScraps'
[Info   :LethalExpansion(core)] Registered scrap 'Screwdriver' from 'ImmersiveScraps'
[Info   :LethalExpansion(core)] Registered scrap 'Retro Toy' from 'ImmersiveScraps'
[Info   :LethalExpansion(core)] Registered scrap 'Wheel' from 'ImmersiveScraps'
[Info   :LethalExpansion(core)] Registered scrap 'Toolbox' from 'ImmersiveScraps'
[Info   :LethalExpansion(core)] Registered scrap 'Watering Can' from 'ImmersiveScraps'
[Info   :LethalExpansion(core)] Registered scrap 'Food can' from 'ImmersiveScraps'
[Info   :LethalExpansion(core)] Registered scrap 'Fireaxe' from 'ImmersiveScraps'
[Info   :LethalExpansion(core)] Registered scrap 'Baseball bat' from 'ImmersiveScraps'
[Info   :LethalExpansion(core)] Registered scrap 'Beer can' from 'ImmersiveScraps'
[Info   :LethalExpansion(core)] Registered scrap 'Can paint' from 'ImmersiveScraps'
[Info   :LethalExpansion(core)] Registered scrap 'Sink' from 'ImmersiveScraps'
[Info   :LethalExpansion(core)] Registered scrap 'Lantern' from 'ImmersiveScraps'
[Info   :LethalExpansion(core)] Registered scrap 'Broken engine' from 'ImmersiveScraps'
[Info   :LethalExpansion(core)] Registered scrap 'Vent' from 'ImmersiveScraps'
[Info   :LethalExpansion(core)] Registered scrap 'Top hat' from 'ImmersiveScraps'
[Info   :LethalExpansion(core)] Registered scrap 'Canteen' from 'ImmersiveScraps'
[Info   :LethalExpansion(core)] Registered scrap 'Alcohol Flask' from 'ImmersiveScraps'
[Info   :LethalExpansion(core)] Registered scrap 'Garbage' from 'ImmersiveScraps'
[Info   :LethalExpansion(core)] Registered scrap 'Car battery' from 'ImmersiveScraps'
[Info   :LethalExpansion(core)] Registered scrap 'Squeaky toy' from 'ImmersiveScraps'
[Info   :LethalExpansion(core)] Registered scrap 'Gameboy' from 'ImmersiveScraps'
[Info   :LethalExpansion(core)] Registered scrap 'Clamp' from 'ImmersiveScraps'
[Info   :LethalExpansion(core)] Registered scrap 'Pliers' from 'ImmersiveScraps'
[Info   :LethalExpansion(core)] Registered scrap 'Hammer' from 'ImmersiveScraps'
[Info   :LethalExpansion(core)] Registered scrap 'Socket Wrench' from 'ImmersiveScraps'
[Warning:LethalExpansion(core)] Removed illegal component 'SI_ScanNode' from prefab 'cake_prop4 (UnityEngine.Transform)'
[Info   :LethalExpansion(core)] Registered scrap 'Cake' from 'Nostromo'
[Info   :LethalExpansion(core)] Registered moon 'Nostromo' from 'Nostromo'
[Info   :LethalExpansion(core)] Adding missing NetworkObject to EntranceTeleport 'InteractTrigger (UnityEngine.GameObject)' to fix desync issue
[Info   :LethalExpansion(core)] Added NetworkObject with id '910137460' to 'InteractTrigger (UnityEngine.GameObject)'
[Info   :LethalExpansion(core)] Adding missing NetworkObject to EntranceTeleport 'InteractTrigger (UnityEngine.GameObject)' to fix desync issue
[Info   :LethalExpansion(core)] Added NetworkObject with id '3851945237' to 'InteractTrigger (UnityEngine.GameObject)'
[Info   :LethalExpansion(core)] Adding missing NetworkObject to EntranceTeleport 'InteractTrigger (UnityEngine.GameObject)' to fix desync issue
[Info   :LethalExpansion(core)] Added NetworkObject with id '1602078561' to 'InteractTrigger (UnityEngine.GameObject)'
[Info   :LethalExpansion(core)] Adding missing NetworkObject to EntranceTeleport 'InteractTrigger (UnityEngine.GameObject)' to fix desync issue
[Info   :LethalExpansion(core)] Added NetworkObject with id '3865607907' to 'InteractTrigger (UnityEngine.GameObject)'
[Info   :LethalExpansion(core)] Adding missing NetworkObject to EntranceTeleport 'InteractTrigger (UnityEngine.GameObject)' to fix desync issue
[Info   :LethalExpansion(core)] Added NetworkObject with id '2679208173' to 'InteractTrigger (UnityEngine.GameObject)'
[Info   :LethalExpansion(core)] Adding missing NetworkObject to EntranceTeleport 'InteractTrigger (UnityEngine.GameObject)' to fix desync issue
[Info   :LethalExpansion(core)] Added NetworkObject with id '1029187116' to 'InteractTrigger (UnityEngine.GameObject)'
[Info   :LethalExpansion(core)] Registered moon '511Davida' from '511Davida'
[Warning: Unity Log] DontDestroyOnLoad only works for root GameObjects or components on root GameObjects.
[Info   :LethalLevelLoader] Registering Bundle Content!
[Info   :LethalLevelLoader] Automatically Restored The Following SpawnablePrefab's In HospitalFlow: BreakerBox, VentEntrance, EntranceTeleportA, EntranceTeleportB, BigDoor, SteamValve, 
[Info   :LethalLevelLoader] Automatically Registered The Following SpawnablePrefab's In HospitalFlow: JustDoorDirector, JustDoorGreen, JustDoorGrey, DoorReception, 
[Info   :LethalLevelLoader] Automatically Restored The Following SpawnablePrefab's In SCPFlow: VentEntrance, EntranceTeleportA, EntranceTeleportB, 
[Info   :LethalLevelLoader] Automatically Registered The Following SpawnablePrefab's In SCPFlow: SCPDoorBtn, 914_Controls, 
[Info   :LethalLevelLoader] Skipped Registering 198 NetworkObjects As They Were Already Registered.
[Info   : Unity Log] [MAXWELL] Added network prefab
[Info   :GeneralImprovements] Adding ToggleableFancyLamp behavior to FancyLamp prefab.
[Error  : Unity Log] Panel label not found.
[Error  : Unity Log] Delete file game object not found.
[Error  : Unity Log] Error occurred while refreshing save buttons: Object reference not set to an instance of an object
[Error  : Unity Log] Error occurred while updating files panel rect: Failed to find FilesPanel RectTransform.
[Error  : Unity Log] An error occurred during initialization: Object reference not set to an instance of an object
[Info   : Unity Log] Load prefabs to Network Manager
[Debug  :me.loaforc.soundapi] InitSceneScript
[Warning:  HarmonyX] AccessTools.Method: Could not find method for type SprayPaintItem and name Awake and parameters 
[Info   :ainavt.lc.lethalconfig] Injecting mod config menu into main menu...
[Info   :LethalExpansion(core)] Unloading scene: InitScene
[Info   :MoreCompany] LANMenu startLAN Patched
[Info   :LethalExpansion(core)] Loading scene 'MainMenu'
[Debug  :me.loaforc.soundapi] Getting replacement for: Canvas:MenuManager:BootUp2
[Info   : Unity Log] Returning week num: 13
[Info   : Unity Log] week num: 13
[Info   :Kyxino.LethalModManager] Checking for plugins.
[Info   : Unity Log] Positioning based on 6 saves.
[Info   : Unity Log] Found file: LCSaveFile1
[Info   : Unity Log] Found file: LCSaveFile2
[Info   : Unity Log] Found file: LCSaveFile3
[Info   : Unity Log] Found file: LCSaveFile4
[Info   : Unity Log] Found file: LCSaveFile5
[Info   : Unity Log] Found file: LCSaveFile6
[Info   : Unity Log] Renamed LCSaveFile1 to TempFile1
[Info   : Unity Log] Renamed LCSaveFile2 to TempFile2
[Info   : Unity Log] Renamed LCSaveFile3 to TempFile3
[Info   : Unity Log] Renamed LCSaveFile4 to TempFile4
[Info   : Unity Log] Renamed LCSaveFile5 to TempFile5
[Info   : Unity Log] Renamed LCSaveFile6 to TempFile6
[Info   : Unity Log] Renamed TempFile1 to LCSaveFile1
[Info   : Unity Log] Renamed TempFile2 to LCSaveFile2
[Info   : Unity Log] Renamed TempFile3 to LCSaveFile3
[Info   : Unity Log] Renamed TempFile4 to LCSaveFile4
[Info   : Unity Log] Renamed TempFile5 to LCSaveFile5
[Info   : Unity Log] Renamed TempFile6 to LCSaveFile6
[Debug  :me.loaforc.soundapi] MenuManager
[Info   :ainavt.lc.lethalconfig] Injecting mod config menu into main menu...
[Info   :ainavt.lc.lethalconfig] 71 mods loaded: .LCMaxSoundsFix;ACS.AdditionalContentFramework;ainavt.lc.lethalconfig;evaisa.lethallib;ainavt.lc.yippee;AtlasAbyss;atomic.terminalapi;com.rune580.LethalCompanyInputUtils;atomic.terminalhistory;Bits.StrangeObjects;BoomboxSyncFix;Boxofbiscuits97.QuotraRollover;Chaos.GraphicsAPI;Chaos.LCCutscene;com.elitemastereric.coroner;me.swipez.melonloader.morecompany;com.github.lethalmods.lethalexpansioncore;com.github.tinyhoot.ShipLobby;com.steven.lethalcompany.boomboxmusic;darmuh.ghostCodes;de.vasanex.ItemQuickSwitchMod;dev.bobbie.fixrpclag;discount.alert;DoorFix;evaisa.lethalthings;FlipMods.LetMeLookDown;FlipMods.MoreBlood;FlipMods.TooManyEmotes;meow.ModelReplacementAPI;x753.More_Suits;foxgod.ThiccCompanyModelReplacement;Hexnet.lethalcompany.suitsaver;HoldScanButton;imabatby.lethallevelloader;IntroTweaks;Kittenji.MaxwellScrap;Kyxino.LethalModManager;LCBetterSaves;LethalExpansion;LethalNetworkAPI;LethalPresents;Linkoid.Dissonance.LagFix;MaskedEnemyRework;Matsuura.HealthMetrics;me.loaforc.soundapi;MentalHospital;NicholaScott.BepInEx.RuntimeNetcodeRPCValidator;MoreEmotes;Neekhaulas.Backrooms;NutNutty.SellTracker;PopleZoo.BetterItemScan;PushCompany;QuickRestart;rr.Flashlight;rr.Walkie;RugbugRedfern.SkinwalkerMod;ScanFix;Scopophobia;SCPCBDunGen;ScrollInverter;ShaosilGaming.GeneralImprovements;Solar.Performance;SpectateEnemy;sunnobunno.YippeeMod;suskitech.LCAlwaysHearActiveWalkie;taffyko.BetterSprayPaint;TDP.CoilHeadStare;twig.latecompany;viviko.NoSellLimit;WeatherMultipliers;Zaggy1024.PathfindingLagFix
[Info   :ainavt.lc.lethalconfig] Generated 36 mod entries.
[Info   :ainavt.lc.lethalconfig] Generated 435 configs, of which 426 were missing and registered.
[Debug  :IntroTweaks] Aligned menu buttons.
[Debug  :IntroTweaks] Removed credits button.
[Debug  :IntroTweaks] MoreCompany found. Edits have been made to its UI elements.
[Debug  :me.loaforc.soundapi] Getting replacement for: Canvas:MenuManager:Menu1
[Debug  :me.loaforc.soundapi] Getting replacement for: Canvas:MenuManager:Button4
[Debug  :me.loaforc.soundapi] Getting replacement for: ConfigMenuManager:AudioManager:ConfirmSFX
[Debug  :me.loaforc.soundapi] Getting replacement for: ConfigMenuManager:AudioManager:HoverSFX
[Debug  :me.loaforc.soundapi] Getting replacement for: ConfigMenuManager:AudioManager:HoverSFX
[Debug  :me.loaforc.soundapi] Getting replacement for: ConfigMenuManager:AudioManager:HoverSFX
[Debug  :me.loaforc.soundapi] Getting replacement for: ConfigMenuManager:AudioManager:HoverSFX
[Debug  :me.loaforc.soundapi] Getting replacement for: ConfigMenuManager:AudioManager:HoverSFX
[Debug  :me.loaforc.soundapi] Getting replacement for: ConfigMenuManager:AudioManager:HoverSFX
[Debug  :me.loaforc.soundapi] Getting replacement for: ConfigMenuManager:AudioManager:HoverSFX
[Debug  :me.loaforc.soundapi] Getting replacement for: ConfigMenuManager:AudioManager:HoverSFX
[Debug  :me.loaforc.soundapi] Getting replacement for: ConfigMenuManager:AudioManager:HoverSFX
[Debug  :me.loaforc.soundapi] Getting replacement for: ConfigMenuManager:AudioManager:HoverSFX
[Debug  :me.loaforc.soundapi] Getting replacement for: ConfigMenuManager:AudioManager:HoverSFX
[Debug  :me.loaforc.soundapi] Getting replacement for: ConfigMenuManager:AudioManager:HoverSFX
[Debug  :me.loaforc.soundapi] Getting replacement for: ConfigMenuManager:AudioManager:HoverSFX
[Debug  :me.loaforc.soundapi] Getting replacement for: ConfigMenuManager:AudioManager:HoverSFX
[Debug  :me.loaforc.soundapi] Getting replacement for: Canvas:MenuManager:Button4
[Debug  :me.loaforc.soundapi] Getting replacement for: ConfigMenuManager:AudioManager:ConfirmSFX
[Debug  :me.loaforc.soundapi] Getting replacement for: ConfigMenuManager:AudioManager:HoverSFX
[Debug  :me.loaforc.soundapi] Getting replacement for: ConfigMenuManager:AudioManager:HoverSFX
[Debug  :me.loaforc.soundapi] Getting replacement for: ConfigMenuManager:AudioManager:HoverSFX
[Debug  :me.loaforc.soundapi] Getting replacement for: ConfigMenuManager:AudioManager:HoverSFX
[Debug  :me.loaforc.soundapi] Getting replacement for: ConfigMenuManager:AudioManager:HoverSFX
[Debug  :me.loaforc.soundapi] Getting replacement for: ConfigMenuManager:AudioManager:HoverSFX
[Debug  :me.loaforc.soundapi] Getting replacement for: ConfigMenuManager:AudioManager:HoverSFX
[Debug  :me.loaforc.soundapi] Getting replacement for: ConfigMenuManager:AudioManager:HoverSFX
[Debug  :me.loaforc.soundapi] Getting replacement for: Canvas:MenuManager:Button4
[Info   :RugbugRedfern.SkinwalkerMod] Audio folder not present. Don't worry about it, it will be created automatically when you play with friends. (C:/Program Files (x86)/Steam/steamapps/common/Lethal Company/Lethal Company_Data\..\Dissonance_Diagnostics)
[Debug  :me.loaforc.soundapi] Getting replacement for: ConfigMenuManager:AudioManager:HoverSFX
[Debug  :me.loaforc.soundapi] Getting replacement for: ConfigMenuManager:AudioManager:HoverSFX
[Debug  :me.loaforc.soundapi] Getting replacement for: ConfigMenuManager:AudioManager:HoverSFX
[Debug  :me.loaforc.soundapi] Getting replacement for: ConfigMenuManager:AudioManager:ChangeValueSFX
[Debug  :me.loaforc.soundapi] Getting replacement for: Canvas:MenuManager:Button4
[Debug  :me.loaforc.soundapi] Getting replacement for: ConfigMenuManager:AudioManager:ConfirmSFX
[Debug  :me.loaforc.soundapi] Getting replacement for: ConfigMenuManager:AudioManager:HoverSFX
[Debug  :me.loaforc.soundapi] Getting replacement for: Canvas:MenuManager:Button4
[Debug  :me.loaforc.soundapi] Getting replacement for: ConfigMenuManager:AudioManager:ConfirmSFX
[Debug  :me.loaforc.soundapi] Getting replacement for: ConfigMenuManager:AudioManager:HoverSFX
[Debug  :me.loaforc.soundapi] Getting replacement for: Canvas:MenuManager:Button4
[Debug  :me.loaforc.soundapi] Getting replacement for: ConfigMenuManager:AudioManager:ConfirmSFX
[Debug  :me.loaforc.soundapi] Getting replacement for: ConfigMenuManager:AudioManager:HoverSFX
[Info   :RugbugRedfern.SkinwalkerMod] Audio folder not present. Don't worry about it, it will be created automatically when you play with friends. (C:/Program Files (x86)/Steam/steamapps/common/Lethal Company/Lethal Company_Data\..\Dissonance_Diagnostics)
[Debug  :me.loaforc.soundapi] Getting replacement for: ConfigMenuManager:AudioManager:HoverSFX
[Debug  :me.loaforc.soundapi] Getting replacement for: Canvas:MenuManager:Button4
[Debug  :me.loaforc.soundapi] Getting replacement for: ConfigMenuManager:AudioManager:ConfirmSFX
[Debug  :me.loaforc.soundapi] Getting replacement for: ConfigMenuManager:AudioManager:HoverSFX
[Debug  :me.loaforc.soundapi] Getting replacement for: Canvas:MenuManager:Button4
[Debug  :me.loaforc.soundapi] Getting replacement for: ConfigMenuManager:AudioManager:ConfirmSFX
[Debug  :me.loaforc.soundapi] Getting replacement for: ConfigMenuManager:AudioManager:HoverSFX
[Debug  :me.loaforc.soundapi] Getting replacement for: Canvas:MenuManager:Button4
[Debug  :me.loaforc.soundapi] Getting replacement for: ConfigMenuManager:AudioManager:ConfirmSFX
[Debug  :me.loaforc.soundapi] Getting replacement for: ConfigMenuManager:AudioManager:HoverSFX
[Debug  :me.loaforc.soundapi] Getting replacement for: ConfigMenuManager:AudioManager:HoverSFX
[Debug  :me.loaforc.soundapi] Getting replacement for: Canvas:MenuManager:Button4
[Debug  :me.loaforc.soundapi] Getting replacement for: ConfigMenuManager:AudioManager:ConfirmSFX
[Debug  :me.loaforc.soundapi] Getting replacement for: ConfigMenuManager:AudioManager:HoverSFX
[Debug  :me.loaforc.soundapi] Getting replacement for: Canvas:MenuManager:Button4
[Debug  :me.loaforc.soundapi] Getting replacement for: ConfigMenuManager:AudioManager:ConfirmSFX
[Debug  :me.loaforc.soundapi] Getting replacement for: ConfigMenuManager:AudioManager:HoverSFX
[Debug  :me.loaforc.soundapi] Getting replacement for: ConfigMenuManager:AudioManager:HoverSFX
[Debug  :me.loaforc.soundapi] Getting replacement for: ConfigMenuManager:AudioManager:HoverSFX
[Debug  :me.loaforc.soundapi] Getting replacement for: ConfigMenuManager:AudioManager:HoverSFX
[Debug  :me.loaforc.soundapi] Getting replacement for: ConfigMenuManager:AudioManager:HoverSFX
[Debug  :me.loaforc.soundapi] Getting replacement for: Canvas:MenuManager:Button4
[Debug  :me.loaforc.soundapi] Getting replacement for: ConfigMenuManager:AudioManager:ConfirmSFX
[Debug  :me.loaforc.soundapi] Getting replacement for: ConfigMenuManager:AudioManager:ConfirmSFX
[Debug  :me.loaforc.soundapi] Getting replacement for: ConfigMenuManager:AudioManager:HoverSFX
[Debug  :me.loaforc.soundapi] Getting replacement for: Canvas:MenuManager:Button4
[Debug  :me.loaforc.soundapi] Getting replacement for: ConfigMenuManager:AudioManager:ConfirmSFX
[Debug  :me.loaforc.soundapi] Getting replacement for: ConfigMenuManager:AudioManager:HoverSFX
[Info   :RugbugRedfern.SkinwalkerMod] Audio folder not present. Don't worry about it, it will be created automatically when you play with friends. (C:/Program Files (x86)/Steam/steamapps/common/Lethal Company/Lethal Company_Data\..\Dissonance_Diagnostics)
[Debug  :me.loaforc.soundapi] Getting replacement for: ConfigMenuManager:AudioManager:HoverSFX
[Debug  :me.loaforc.soundapi] Getting replacement for: ConfigMenuManager:AudioManager:HoverSFX
[Debug  :me.loaforc.soundapi] Getting replacement for: ConfigMenuManager:AudioManager:HoverSFX
[Debug  :me.loaforc.soundapi] Getting replacement for: ConfigMenuManager:AudioManager:HoverSFX
[Debug  :me.loaforc.soundapi] Getting replacement for: ConfigMenuManager:AudioManager:HoverSFX
[Debug  :me.loaforc.soundapi] Getting replacement for: Canvas:MenuManager:Button4
[Debug  :me.loaforc.soundapi] Getting replacement for: ConfigMenuManager:AudioManager:ConfirmSFX
[Debug  :me.loaforc.soundapi] Getting replacement for: ConfigMenuManager:AudioManager:HoverSFX
[Debug  :me.loaforc.soundapi] Getting replacement for: Canvas:MenuManager:Button4
[Debug  :me.loaforc.soundapi] Getting replacement for: ConfigMenuManager:AudioManager:ConfirmSFX
[Debug  :me.loaforc.soundapi] Getting replacement for: ConfigMenuManager:AudioManager:HoverSFX
[Debug  :me.loaforc.soundapi] Getting replacement for: Canvas:MenuManager:Button4
[Debug  :me.loaforc.soundapi] Getting replacement for: ConfigMenuManager:AudioManager:ConfirmSFX
[Debug  :me.loaforc.soundapi] Getting replacement for: ConfigMenuManager:AudioManager:HoverSFX
[Debug  :me.loaforc.soundapi] Getting replacement for: Canvas:MenuManager:Button4
[Debug  :me.loaforc.soundapi] Getting replacement for: ConfigMenuManager:AudioManager:ConfirmSFX
[Debug  :me.loaforc.soundapi] Getting replacement for: ConfigMenuManager:AudioManager:HoverSFX
[Debug  :me.loaforc.soundapi] Getting replacement for: ConfigMenuManager:AudioManager:HoverSFX
[Debug  :me.loaforc.soundapi] Getting replacement for: ConfigMenuManager:AudioManager:HoverSFX
[Info   :RugbugRedfern.SkinwalkerMod] Audio folder not present. Don't worry about it, it will be created automatically when you play with friends. (C:/Program Files (x86)/Steam/steamapps/common/Lethal Company/Lethal Company_Data\..\Dissonance_Diagnostics)
[Debug  :me.loaforc.soundapi] Getting replacement for: Canvas:MenuManager:Button4
[Debug  :me.loaforc.soundapi] Getting replacement for: ConfigMenuManager:AudioManager:ConfirmSFX
[Debug  :me.loaforc.soundapi] Getting replacement for: ConfigMenuManager:AudioManager:HoverSFX
[Debug  :me.loaforc.soundapi] Getting replacement for: Canvas:MenuManager:Button4
[Debug  :me.loaforc.soundapi] Getting replacement for: ConfigMenuManager:AudioManager:ConfirmSFX
[Debug  :me.loaforc.soundapi] Getting replacement for: ConfigMenuManager:AudioManager:HoverSFX
[Debug  :me.loaforc.soundapi] Getting replacement for: ConfigMenuManager:AudioManager:HoverSFX
[Debug  :me.loaforc.soundapi] Getting replacement for: ConfigMenuManager:AudioManager:HoverSFX
[Info   :RugbugRedfern.SkinwalkerMod] Audio folder not present. Don't worry about it, it will be created automatically when you play with friends. (C:/Program Files (x86)/Steam/steamapps/common/Lethal Company/Lethal Company_Data\..\Dissonance_Diagnostics)
[Info   :RugbugRedfern.SkinwalkerMod] Audio folder not present. Don't worry about it, it will be created automatically when you play with friends. (C:/Program Files (x86)/Steam/steamapps/common/Lethal Company/Lethal Company_Data\..\Dissonance_Diagnostics)
[Debug  :me.loaforc.soundapi] Getting replacement for: ConfigMenuManager:AudioManager:HoverSFX
[Debug  :me.loaforc.soundapi] Getting replacement for: ConfigMenuManager:AudioManager:HoverSFX
[Debug  :me.loaforc.soundapi] Getting replacement for: Canvas:MenuManager:Button4
[Debug  :me.loaforc.soundapi] Getting replacement for: ConfigMenuManager:AudioManager:ConfirmSFX
[Info   :RugbugRedfern.SkinwalkerMod] Audio folder not present. Don't worry about it, it will be created automatically when you play with friends. (C:/Program Files (x86)/Steam/steamapps/common/Lethal Company/Lethal Company_Data\..\Dissonance_Diagnostics)
[Debug  :me.loaforc.soundapi] Getting replacement for: ConfigMenuManager:AudioManager:HoverSFX
[Debug  :me.loaforc.soundapi] Getting replacement for: ConfigMenuManager:AudioManager:HoverSFX
[Debug  :me.loaforc.soundapi] Getting replacement for: Canvas:MenuManager:Button4
[Debug  :me.loaforc.soundapi] Getting replacement for: ConfigMenuManager:AudioManager:ConfirmSFX
[Debug  :me.loaforc.soundapi] Getting replacement for: ConfigMenuManager:AudioManager:HoverSFX
[Debug  :me.loaforc.soundapi] Getting replacement for: Canvas:MenuManager:Button4
[Debug  :me.loaforc.soundapi] Getting replacement for: ConfigMenuManager:AudioManager:ConfirmSFX
[Info   :RugbugRedfern.SkinwalkerMod] Audio folder not present. Don't worry about it, it will be created automatically when you play with friends. (C:/Program Files (x86)/Steam/steamapps/common/Lethal Company/Lethal Company_Data\..\Dissonance_Diagnostics)
[Debug  :me.loaforc.soundapi] Getting replacement for: ConfigMenuManager:AudioManager:HoverSFX
[Debug  :me.loaforc.soundapi] Getting replacement for: ConfigMenuManager:AudioManager:HoverSFX
[Debug  :me.loaforc.soundapi] Getting replacement for: ConfigMenuManager:AudioManager:HoverSFX
[Debug  :me.loaforc.soundapi] Getting replacement for: ConfigMenuManager:AudioManager:HoverSFX
[Debug  :me.loaforc.soundapi] Getting replacement for: ConfigMenuManager:AudioManager:HoverSFX
[Info   :RugbugRedfern.SkinwalkerMod] Audio folder not present. Don't worry about it, it will be created automatically when you play with friends. (C:/Program Files (x86)/Steam/steamapps/common/Lethal Company/Lethal Company_Data\..\Dissonance_Diagnostics)
[Debug  :me.loaforc.soundapi] Getting replacement for: ConfigMenuManager:AudioManager:HoverSFX
[Debug  :me.loaforc.soundapi] Getting replacement for: ConfigMenuManager:AudioManager:HoverSFX
[Debug  :me.loaforc.soundapi] Getting replacement for: ConfigMenuManager:AudioManager:HoverSFX
[Debug  :me.loaforc.soundapi] Getting replacement for: ConfigMenuManager:AudioManager:HoverSFX
[Debug  :me.loaforc.soundapi] Getting replacement for: Canvas:MenuManager:Button4
[Debug  :me.loaforc.soundapi] Getting replacement for: ConfigMenuManager:AudioManager:ConfirmSFX
[Debug  :me.loaforc.soundapi] Getting replacement for: ConfigMenuManager:AudioManager:HoverSFX
[Debug  :me.loaforc.soundapi] Getting replacement for: Canvas:MenuManager:Button4
[Debug  :me.loaforc.soundapi] Getting replacement for: ConfigMenuManager:AudioManager:ConfirmSFX
[Debug  :me.loaforc.soundapi] Getting replacement for: ConfigMenuManager:AudioManager:HoverSFX
[Debug  :me.loaforc.soundapi] Getting replacement for: ConfigMenuManager:AudioManager:HoverSFX
[Debug  :me.loaforc.soundapi] Getting replacement for: ConfigMenuManager:AudioManager:HoverSFX
[Debug  :me.loaforc.soundapi] Getting replacement for: ConfigMenuManager:AudioManager:HoverSFX
[Debug  :me.loaforc.soundapi] Getting replacement for: ConfigMenuManager:AudioManager:HoverSFX
[Debug  :me.loaforc.soundapi] Getting replacement for: Canvas:MenuManager:Button4
[Debug  :me.loaforc.soundapi] Getting replacement for: ConfigMenuManager:AudioManager:HoverSFX
[Debug  :me.loaforc.soundapi] Getting replacement for: ConfigMenuManager:AudioManager:HoverSFX
[Debug  :me.loaforc.soundapi] Getting replacement for: ConfigMenuManager:AudioManager:HoverSFX
[Debug  :me.loaforc.soundapi] Getting replacement for: ConfigMenuManager:AudioManager:HoverSFX
[Debug  :me.loaforc.soundapi] Getting replacement for: ConfigMenuManager:AudioManager:HoverSFX
[Debug  :me.loaforc.soundapi] Getting replacement for: ConfigMenuManager:AudioManager:HoverSFX
[Info   :RugbugRedfern.SkinwalkerMod] Audio folder not present. Don't worry about it, it will be created automatically when you play with friends. (C:/Program Files (x86)/Steam/steamapps/common/Lethal Company/Lethal Company_Data\..\Dissonance_Diagnostics)
[Debug  :me.loaforc.soundapi] Getting replacement for: ConfigMenuManager:AudioManager:HoverSFX
[Debug  :me.loaforc.soundapi] Getting replacement for: ConfigMenuManager:AudioManager:HoverSFX
[Debug  :me.loaforc.soundapi] Getting replacement for: ConfigMenuManager:AudioManager:HoverSFX
[Debug  :me.loaforc.soundapi] Getting replacement for: ConfigMenuManager:AudioManager:ChangeValueSFX
[Debug  :me.loaforc.soundapi] Getting replacement for: Canvas:MenuManager:Button4
[Debug  :me.loaforc.soundapi] Getting replacement for: ConfigMenuManager:AudioManager:ChangeValueSFX
[Debug  :me.loaforc.soundapi] Getting replacement for: ConfigMenuManager:AudioManager:HoverSFX
[Debug  :me.loaforc.soundapi] Getting replacement for: Canvas:MenuManager:Button4
[Debug  :me.loaforc.soundapi] Getting replacement for: ConfigMenuManager:AudioManager:ChangeValueSFX
[Debug  :me.loaforc.soundapi] Getting replacement for: ConfigMenuManager:AudioManager:HoverSFX
[Debug  :me.loaforc.soundapi] Getting replacement for: Canvas:MenuManager:Button4
[Debug  :me.loaforc.soundapi] Getting replacement for: ConfigMenuManager:AudioManager:ConfirmSFX
[Debug  :me.loaforc.soundapi] Getting replacement for: ConfigMenuManager:AudioManager:HoverSFX
[Debug  :me.loaforc.soundapi] Getting replacement for: ConfigMenuManager:AudioManager:HoverSFX
[Debug  :me.loaforc.soundapi] Getting replacement for: ConfigMenuManager:AudioManager:HoverSFX
[Debug  :me.loaforc.soundapi] Getting replacement for: ConfigMenuManager:AudioManager:HoverSFX
[Debug  :me.loaforc.soundapi] Getting replacement for: ConfigMenuManager:AudioManager:HoverSFX
[Debug  :me.loaforc.soundapi] Getting replacement for: ConfigMenuManager:AudioManager:HoverSFX
[Debug  :me.loaforc.soundapi] Getting replacement for: ConfigMenuManager:AudioManager:HoverSFX
[Info   :RugbugRedfern.SkinwalkerMod] Audio folder not present. Don't worry about it, it will be created automatically when you play with friends. (C:/Program Files (x86)/Steam/steamapps/common/Lethal Company/Lethal Company_Data\..\Dissonance_Diagnostics)
[Debug  :me.loaforc.soundapi] Getting replacement for: ConfigMenuManager:AudioManager:HoverSFX
[Debug  :me.loaforc.soundapi] Getting replacement for: ConfigMenuManager:AudioManager:HoverSFX
[Debug  :me.loaforc.soundapi] Getting replacement for: ConfigMenuManager:AudioManager:HoverSFX
[Debug  :me.loaforc.soundapi] Getting replacement for: ConfigMenuManager:AudioManager:HoverSFX
[Debug  :me.loaforc.soundapi] Getting replacement for: ConfigMenuManager:AudioManager:HoverSFX
[Debug  :me.loaforc.soundapi] Getting replacement for: ConfigMenuManager:AudioManager:HoverSFX
[Debug  :me.loaforc.soundapi] Getting replacement for: ConfigMenuManager:AudioManager:HoverSFX
[Debug  :me.loaforc.soundapi] Getting replacement for: ConfigMenuManager:AudioManager:HoverSFX
[Debug  :me.loaforc.soundapi] Getting replacement for: ConfigMenuManager:AudioManager:HoverSFX
[Debug  :me.loaforc.soundapi] Getting replacement for: ConfigMenuManager:AudioManager:HoverSFX
[Debug  :me.loaforc.soundapi] Getting replacement for: ConfigMenuManager:AudioManager:HoverSFX
[Debug  :me.loaforc.soundapi] Getting replacement for: ConfigMenuManager:AudioManager:HoverSFX
[Debug  :me.loaforc.soundapi] Getting replacement for: ConfigMenuManager:AudioManager:HoverSFX
[Debug  :me.loaforc.soundapi] Getting replacement for: ConfigMenuManager:AudioManager:HoverSFX
[Debug  :me.loaforc.soundapi] Getting replacement for: ConfigMenuManager:AudioManager:HoverSFX
[Debug  :me.loaforc.soundapi] Getting replacement for: ConfigMenuManager:AudioManager:HoverSFX
[Debug  :me.loaforc.soundapi] Getting replacement for: ConfigMenuManager:AudioManager:HoverSFX
[Debug  :me.loaforc.soundapi] Getting replacement for: ConfigMenuManager:AudioManager:HoverSFX
[Debug  :me.loaforc.soundapi] Getting replacement for: ConfigMenuManager:AudioManager:HoverSFX
[Debug  :me.loaforc.soundapi] Getting replacement for: ConfigMenuManager:AudioManager:HoverSFX
[Debug  :me.loaforc.soundapi] Getting replacement for: ConfigMenuManager:AudioManager:HoverSFX
[Debug  :me.loaforc.soundapi] Getting replacement for: ConfigMenuManager:AudioManager:HoverSFX
[Debug  :me.loaforc.soundapi] Getting replacement for: ConfigMenuManager:AudioManager:HoverSFX
[Debug  :me.loaforc.soundapi] Getting replacement for: ConfigMenuManager:AudioManager:HoverSFX
[Debug  :me.loaforc.soundapi] Getting replacement for: ConfigMenuManager:AudioManager:HoverSFX
[Debug  :me.loaforc.soundapi] Getting replacement for: ConfigMenuManager:AudioManager:HoverSFX
[Debug  :me.loaforc.soundapi] Getting replacement for: ConfigMenuManager:AudioManager:HoverSFX
[Debug  :me.loaforc.soundapi] Getting replacement for: ConfigMenuManager:AudioManager:HoverSFX
[Debug  :me.loaforc.soundapi] Getting replacement for: ConfigMenuManager:AudioManager:HoverSFX
[Debug  :me.loaforc.soundapi] Getting replacement for: ConfigMenuManager:AudioManager:HoverSFX
[Debug  :me.loaforc.soundapi] Getting replacement for: ConfigMenuManager:AudioManager:HoverSFX
[Debug  :me.loaforc.soundapi] Getting replacement for: ConfigMenuManager:AudioManager:HoverSFX
[Debug  :me.loaforc.soundapi] Getting replacement for: ConfigMenuManager:AudioManager:HoverSFX
[Debug  :me.loaforc.soundapi] Getting replacement for: ConfigMenuManager:AudioManager:HoverSFX
[Debug  :me.loaforc.soundapi] Getting replacement for: ConfigMenuManager:AudioManager:HoverSFX
[Debug  :me.loaforc.soundapi] Getting replacement for: ConfigMenuManager:AudioManager:HoverSFX
[Debug  :me.loaforc.soundapi] Getting replacement for: ConfigMenuManager:AudioManager:HoverSFX
[Debug  :me.loaforc.soundapi] Getting replacement for: ConfigMenuManager:AudioManager:HoverSFX
[Debug  :me.loaforc.soundapi] Getting replacement for: ConfigMenuManager:AudioManager:HoverSFX
[Debug  :me.loaforc.soundapi] Getting replacement for: ConfigMenuManager:AudioManager:HoverSFX
[Debug  :me.loaforc.soundapi] Getting replacement for: ConfigMenuManager:AudioManager:HoverSFX
[Debug  :me.loaforc.soundapi] Getting replacement for: ConfigMenuManager:AudioManager:HoverSFX
[Info   :RugbugRedfern.SkinwalkerMod] Audio folder not present. Don't worry about it, it will be created automatically when you play with friends. (C:/Program Files (x86)/Steam/steamapps/common/Lethal Company/Lethal Company_Data\..\Dissonance_Diagnostics)
[Debug  :me.loaforc.soundapi] Getting replacement for: ConfigMenuManager:AudioManager:HoverSFX
[Debug  :me.loaforc.soundapi] Getting replacement for: ConfigMenuManager:AudioManager:HoverSFX
[Debug  :me.loaforc.soundapi] Getting replacement for: ConfigMenuManager:AudioManager:HoverSFX
[Debug  :me.loaforc.soundapi] Getting replacement for: ConfigMenuManager:AudioManager:HoverSFX
[Debug  :me.loaforc.soundapi] Getting replacement for: ConfigMenuManager:AudioManager:HoverSFX
[Debug  :me.loaforc.soundapi] Getting replacement for: ConfigMenuManager:AudioManager:HoverSFX
[Debug  :me.loaforc.soundapi] Getting replacement for: ConfigMenuManager:AudioManager:HoverSFX
[Debug  :me.loaforc.soundapi] Getting replacement for: ConfigMenuManager:AudioManager:HoverSFX
[Debug  :me.loaforc.soundapi] Getting replacement for: ConfigMenuManager:AudioManager:HoverSFX
[Debug  :me.loaforc.soundapi] Getting replacement for: ConfigMenuManager:AudioManager:HoverSFX
[Debug  :me.loaforc.soundapi] Getting replacement for: ConfigMenuManager:AudioManager:HoverSFX
[Debug  :me.loaforc.soundapi] Getting replacement for: ConfigMenuManager:AudioManager:HoverSFX
[Debug  :me.loaforc.soundapi] Getting replacement for: ConfigMenuManager:AudioManager:HoverSFX
[Debug  :me.loaforc.soundapi] Getting replacement for: ConfigMenuManager:AudioManager:HoverSFX
[Debug  :me.loaforc.soundapi] Getting replacement for: ConfigMenuManager:AudioManager:HoverSFX
[Debug  :me.loaforc.soundapi] Getting replacement for: ConfigMenuManager:AudioManager:HoverSFX
[Debug  :me.loaforc.soundapi] Getting replacement for: ConfigMenuManager:AudioManager:HoverSFX
[Debug  :me.loaforc.soundapi] Getting replacement for: ConfigMenuManager:AudioManager:HoverSFX
[Debug  :me.loaforc.soundapi] Getting replacement for: ConfigMenuManager:AudioManager:HoverSFX
[Debug  :me.loaforc.soundapi] Getting replacement for: ConfigMenuManager:AudioManager:HoverSFX
[Debug  :me.loaforc.soundapi] Getting replacement for: ConfigMenuManager:AudioManager:HoverSFX
[Debug  :me.loaforc.soundapi] Getting replacement for: ConfigMenuManager:AudioManager:HoverSFX
[Debug  :me.loaforc.soundapi] Getting replacement for: ConfigMenuManager:AudioManager:HoverSFX
[Debug  :me.loaforc.soundapi] Getting replacement for: ConfigMenuManager:AudioManager:HoverSFX
[Debug  :me.loaforc.soundapi] Getting replacement for: ConfigMenuManager:AudioManager:HoverSFX
[Debug  :me.loaforc.soundapi] Getting replacement for: ConfigMenuManager:AudioManager:HoverSFX
[Debug  :me.loaforc.soundapi] Getting replacement for: ConfigMenuManager:AudioManager:HoverSFX
[Debug  :me.loaforc.soundapi] Getting replacement for: ConfigMenuManager:AudioManager:HoverSFX
[Debug  :me.loaforc.soundapi] Getting replacement for: ConfigMenuManager:AudioManager:HoverSFX
[Debug  :me.loaforc.soundapi] Getting replacement for: Canvas:MenuManager:Button4
[Debug  :me.loaforc.soundapi] Getting replacement for: ConfigMenuManager:AudioManager:ConfirmSFX
[Debug  :me.loaforc.soundapi] Getting replacement for: ConfigMenuManager:AudioManager:HoverSFX
[Debug  :me.loaforc.soundapi] Getting replacement for: Canvas:MenuManager:Button4
[Debug  :me.loaforc.soundapi] Getting replacement for: ConfigMenuManager:AudioManager:ConfirmSFX
[Debug  :me.loaforc.soundapi] Getting replacement for: ConfigMenuManager:AudioManager:HoverSFX
[Debug  :me.loaforc.soundapi] Getting replacement for: ConfigMenuManager:AudioManager:HoverSFX
[Debug  :me.loaforc.soundapi] Getting replacement for: ConfigMenuManager:AudioManager:HoverSFX
[Debug  :me.loaforc.soundapi] Getting replacement for: ConfigMenuManager:AudioManager:HoverSFX
[Debug  :me.loaforc.soundapi] Getting replacement for: ConfigMenuManager:AudioManager:HoverSFX
[Debug  :me.loaforc.soundapi] Getting replacement for: ConfigMenuManager:AudioManager:HoverSFX
[Debug  :me.loaforc.soundapi] Getting replacement for: ConfigMenuManager:AudioManager:HoverSFX
[Debug  :me.loaforc.soundapi] Getting replacement for: ConfigMenuManager:AudioManager:HoverSFX
[Debug  :me.loaforc.soundapi] Getting replacement for: ConfigMenuManager:AudioManager:HoverSFX
[Debug  :me.loaforc.soundapi] Getting replacement for: ConfigMenuManager:AudioManager:HoverSFX
[Debug  :me.loaforc.soundapi] Getting replacement for: ConfigMenuManager:AudioManager:HoverSFX
[Debug  :me.loaforc.soundapi] Getting replacement for: ConfigMenuManager:AudioManager:HoverSFX
[Debug  :me.loaforc.soundapi] Getting replacement for: ConfigMenuManager:AudioManager:HoverSFX
[Debug  :me.loaforc.soundapi] Getting replacement for: ConfigMenuManager:AudioManager:HoverSFX
[Debug  :me.loaforc.soundapi] Getting replacement for: ConfigMenuManager:AudioManager:HoverSFX
[Info   :RugbugRedfern.SkinwalkerMod] Audio folder not present. Don't worry about it, it will be created automatically when you play with friends. (C:/Program Files (x86)/Steam/steamapps/common/Lethal Company/Lethal Company_Data\..\Dissonance_Diagnostics)
[Debug  :me.loaforc.soundapi] Getting replacement for: ConfigMenuManager:AudioManager:HoverSFX
[Debug  :me.loaforc.soundapi] Getting replacement for: Canvas:MenuManager:Button4
[Debug  :me.loaforc.soundapi] Getting replacement for: ConfigMenuManager:AudioManager:ConfirmSFX
[Debug  :me.loaforc.soundapi] Getting replacement for: ConfigMenuManager:AudioManager:HoverSFX
[Debug  :me.loaforc.soundapi] Getting replacement for: ConfigMenuManager:AudioManager:HoverSFX
[Debug  :me.loaforc.soundapi] Getting replacement for: ConfigMenuManager:AudioManager:HoverSFX
[Debug  :me.loaforc.soundapi] Getting replacement for: ConfigMenuManager:AudioManager:HoverSFX
[Debug  :me.loaforc.soundapi] Getting replacement for: ConfigMenuManager:AudioManager:HoverSFX
[Debug  :me.loaforc.soundapi] Getting replacement for: ConfigMenuManager:AudioManager:HoverSFX
[Debug  :me.loaforc.soundapi] Getting replacement for: ConfigMenuManager:AudioManager:HoverSFX
[Debug  :me.loaforc.soundapi] Getting replacement for: ConfigMenuManager:AudioManager:HoverSFX
[Debug  :me.loaforc.soundapi] Getting replacement for: ConfigMenuManager:AudioManager:HoverSFX
[Debug  :me.loaforc.soundapi] Getting replacement for: ConfigMenuManager:AudioManager:HoverSFX
[Debug  :me.loaforc.soundapi] Getting replacement for: Canvas:MenuManager:Button4
[Debug  :me.loaforc.soundapi] Getting replacement for: ConfigMenuManager:AudioManager:HoverSFX
[Debug  :me.loaforc.soundapi] Getting replacement for: ConfigMenuManager:AudioManager:HoverSFX
[Debug  :me.loaforc.soundapi] Getting replacement for: ConfigMenuManager:AudioManager:HoverSFX
[Debug  :me.loaforc.soundapi] Getting replacement for: ConfigMenuManager:AudioManager:HoverSFX
[Debug  :me.loaforc.soundapi] Getting replacement for: ConfigMenuManager:AudioManager:HoverSFX
[Info   :RugbugRedfern.SkinwalkerMod] Audio folder not present. Don't worry about it, it will be created automatically when you play with friends. (C:/Program Files (x86)/Steam/steamapps/common/Lethal Company/Lethal Company_Data\..\Dissonance_Diagnostics)
[Debug  :me.loaforc.soundapi] Getting replacement for: ConfigMenuManager:AudioManager:HoverSFX
[Debug  :me.loaforc.soundapi] Getting replacement for: ConfigMenuManager:AudioManager:HoverSFX
[Debug  :me.loaforc.soundapi] Getting replacement for: ConfigMenuManager:AudioManager:HoverSFX
[Debug  :me.loaforc.soundapi] Getting replacement for: ConfigMenuManager:AudioManager:HoverSFX
[Debug  :me.loaforc.soundapi] Getting replacement for: ConfigMenuManager:AudioManager:HoverSFX
[Debug  :me.loaforc.soundapi] Getting replacement for: ConfigMenuManager:AudioManager:HoverSFX
[Debug  :me.loaforc.soundapi] Getting replacement for: ConfigMenuManager:AudioManager:HoverSFX
[Debug  :me.loaforc.soundapi] Getting replacement for: ConfigMenuManager:AudioManager:HoverSFX
[Info   :RugbugRedfern.SkinwalkerMod] Audio folder not present. Don't worry about it, it will be created automatically when you play with friends. (C:/Program Files (x86)/Steam/steamapps/common/Lethal Company/Lethal Company_Data\..\Dissonance_Diagnostics)
[Debug  :me.loaforc.soundapi] Getting replacement for: ConfigMenuManager:AudioManager:ChangeValueSFX
[Debug  :me.loaforc.soundapi] Getting replacement for: Canvas:MenuManager:Button4
[Debug  :me.loaforc.soundapi] Getting replacement for: ConfigMenuManager:AudioManager:ConfirmSFX
[Debug  :me.loaforc.soundapi] Getting replacement for: ConfigMenuManager:AudioManager:HoverSFX
[Debug  :me.loaforc.soundapi] Getting replacement for: Canvas:MenuManager:Button4
[Debug  :me.loaforc.soundapi] Getting replacement for: ConfigMenuManager:AudioManager:ConfirmSFX
[Debug  :me.loaforc.soundapi] Getting replacement for: ConfigMenuManager:AudioManager:HoverSFX
[Debug  :me.loaforc.soundapi] Getting replacement for: ConfigMenuManager:AudioManager:HoverSFX
[Debug  :me.loaforc.soundapi] Getting replacement for: ConfigMenuManager:AudioManager:HoverSFX
[Debug  :me.loaforc.soundapi] Getting replacement for: ConfigMenuManager:AudioManager:HoverSFX
[Debug  :me.loaforc.soundapi] Getting replacement for: ConfigMenuManager:AudioManager:HoverSFX
[Debug  :me.loaforc.soundapi] Getting replacement for: ConfigMenuManager:AudioManager:HoverSFX
[Debug  :me.loaforc.soundapi] Getting replacement for: ConfigMenuManager:AudioManager:HoverSFX
[Debug  :me.loaforc.soundapi] Getting replacement for: ConfigMenuManager:AudioManager:HoverSFX
[Debug  :me.loaforc.soundapi] Getting replacement for: ConfigMenuManager:AudioManager:HoverSFX
[Debug  :me.loaforc.soundapi] Getting replacement for: Canvas:MenuManager:Button4
[Debug  :me.loaforc.soundapi] Getting replacement for: ConfigMenuManager:AudioManager:HoverSFX
[Debug  :me.loaforc.soundapi] Getting replacement for: ConfigMenuManager:AudioManager:ChangeValueSFX
[Debug  :me.loaforc.soundapi] Getting replacement for: Canvas:MenuManager:Button4
[Debug  :me.loaforc.soundapi] Getting replacement for: ConfigMenuManager:AudioManager:HoverSFX
[Debug  :me.loaforc.soundapi] Getting replacement for: ConfigMenuManager:AudioManager:ChangeValueSFX
[Debug  :me.loaforc.soundapi] Getting replacement for: Canvas:MenuManager:Button4
[Debug  :me.loaforc.soundapi] Getting replacement for: ConfigMenuManager:AudioManager:ConfirmSFX
[Info   :RugbugRedfern.SkinwalkerMod] Audio folder not present. Don't worry about it, it will be created automatically when you play with friends. (C:/Program Files (x86)/Steam/steamapps/common/Lethal Company/Lethal Company_Data\..\Dissonance_Diagnostics)
[Debug  :me.loaforc.soundapi] Getting replacement for: ConfigMenuManager:AudioManager:HoverSFX
[Debug  :me.loaforc.soundapi] Getting replacement for: ConfigMenuManager:AudioManager:HoverSFX
[Debug  :me.loaforc.soundapi] Getting replacement for: ConfigMenuManager:AudioManager:HoverSFX
[Debug  :me.loaforc.soundapi] Getting replacement for: ConfigMenuManager:AudioManager:HoverSFX
[Debug  :me.loaforc.soundapi] Getting replacement for: Canvas:MenuManager:Button4
[Debug  :me.loaforc.soundapi] Getting replacement for: ConfigMenuManager:AudioManager:ConfirmSFX
[Debug  :me.loaforc.soundapi] Getting replacement for: ConfigMenuManager:AudioManager:HoverSFX
[Debug  :me.loaforc.soundapi] Getting replacement for: ConfigMenuManager:AudioManager:HoverSFX
[Debug  :me.loaforc.soundapi] Getting replacement for: Canvas:MenuManager:Button4
[Info   :RugbugRedfern.SkinwalkerMod] Audio folder not present. Don't worry about it, it will be created automatically when you play with friends. (C:/Program Files (x86)/Steam/steamapps/common/Lethal Company/Lethal Company_Data\..\Dissonance_Diagnostics)
[Debug  :me.loaforc.soundapi] Getting replacement for: ConfigMenuManager:AudioManager:HoverSFX
[Debug  :me.loaforc.soundapi] Getting replacement for: ConfigMenuManager:AudioManager:HoverSFX
[Debug  :me.loaforc.soundapi] Getting replacement for: ConfigMenuManager:AudioManager:ChangeValueSFX
[Debug  :me.loaforc.soundapi] Getting replacement for: Canvas:MenuManager:Button4
[Debug  :me.loaforc.soundapi] Getting replacement for: ConfigMenuManager:AudioManager:ConfirmSFX
[Debug  :me.loaforc.soundapi] Getting replacement for: ConfigMenuManager:AudioManager:HoverSFX
[Debug  :me.loaforc.soundapi] Getting replacement for: ConfigMenuManager:AudioManager:HoverSFX
[Info   :RugbugRedfern.SkinwalkerMod] Audio folder not present. Don't worry about it, it will be created automatically when you play with friends. (C:/Program Files (x86)/Steam/steamapps/common/Lethal Company/Lethal Company_Data\..\Dissonance_Diagnostics)
[Debug  :me.loaforc.soundapi] Getting replacement for: ConfigMenuManager:AudioManager:HoverSFX
[Debug  :me.loaforc.soundapi] Getting replacement for: Canvas:MenuManager:Button4
[Debug  :me.loaforc.soundapi] Getting replacement for: ConfigMenuManager:AudioManager:ConfirmSFX
[Debug  :me.loaforc.soundapi] Getting replacement for: ConfigMenuManager:AudioManager:HoverSFX
[Debug  :me.loaforc.soundapi] Getting replacement for: ConfigMenuManager:AudioManager:HoverSFX
[Debug  :me.loaforc.soundapi] Getting replacement for: ConfigMenuManager:AudioManager:HoverSFX
[Debug  :me.loaforc.soundapi] Getting replacement for: ConfigMenuManager:AudioManager:HoverSFX
[Debug  :me.loaforc.soundapi] Getting replacement for: ConfigMenuManager:AudioManager:HoverSFX
[Debug  :me.loaforc.soundapi] Getting replacement for: ConfigMenuManager:AudioManager:HoverSFX
[Debug  :me.loaforc.soundapi] Getting replacement for: ConfigMenuManager:AudioManager:HoverSFX
[Debug  :me.loaforc.soundapi] Getting replacement for: ConfigMenuManager:AudioManager:HoverSFX
[Debug  :me.loaforc.soundapi] Getting replacement for: Canvas:MenuManager:Button4
[Debug  :me.loaforc.soundapi] Getting replacement for: ConfigMenuManager:AudioManager:ConfirmSFX
[Debug  :me.loaforc.soundapi] Getting replacement for: ConfigMenuManager:AudioManager:HoverSFX
[Debug  :me.loaforc.soundapi] Getting replacement for: ConfigMenuManager:AudioManager:HoverSFX
[Debug  :me.loaforc.soundapi] Getting replacement for: ConfigMenuManager:AudioManager:HoverSFX
[Debug  :me.loaforc.soundapi] Getting replacement for: ConfigMenuManager:AudioManager:HoverSFX
[Debug  :me.loaforc.soundapi] Getting replacement for: ConfigMenuManager:AudioManager:HoverSFX
[Debug  :me.loaforc.soundapi] Getting replacement for: ConfigMenuManager:AudioManager:HoverSFX
[Debug  :me.loaforc.soundapi] Getting replacement for: ConfigMenuManager:AudioManager:HoverSFX
[Debug  :me.loaforc.soundapi] Getting replacement for: ConfigMenuManager:AudioManager:HoverSFX
[Debug  :me.loaforc.soundapi] Getting replacement for: ConfigMenuManager:AudioManager:HoverSFX
[Debug  :me.loaforc.soundapi] Getting replacement for: ConfigMenuManager:AudioManager:HoverSFX
[Debug  :me.loaforc.soundapi] Getting replacement for: ConfigMenuManager:AudioManager:HoverSFX
[Debug  :me.loaforc.soundapi] Getting replacement for: ConfigMenuManager:AudioManager:HoverSFX
[Debug  :me.loaforc.soundapi] Getting replacement for: ConfigMenuManager:AudioManager:HoverSFX
[Debug  :me.loaforc.soundapi] Getting replacement for: ConfigMenuManager:AudioManager:HoverSFX
[Debug  :me.loaforc.soundapi] Getting replacement for: ConfigMenuManager:AudioManager:HoverSFX
[Debug  :me.loaforc.soundapi] Getting replacement for: ConfigMenuManager:AudioManager:HoverSFX
[Info   :RugbugRedfern.SkinwalkerMod] Audio folder not present. Don't worry about it, it will be created automatically when you play with friends. (C:/Program Files (x86)/Steam/steamapps/common/Lethal Company/Lethal Company_Data\..\Dissonance_Diagnostics)
[Debug  :me.loaforc.soundapi] Getting replacement for: Canvas:MenuManager:Button4
[Debug  :me.loaforc.soundapi] Getting replacement for: ConfigMenuManager:AudioManager:ConfirmSFX
[Debug  :me.loaforc.soundapi] Getting replacement for: ConfigMenuManager:AudioManager:HoverSFX
[Debug  :me.loaforc.soundapi] Getting replacement for: ConfigMenuManager:AudioManager:HoverSFX
[Debug  :me.loaforc.soundapi] Getting replacement for: ConfigMenuManager:AudioManager:HoverSFX
[Debug  :me.loaforc.soundapi] Getting replacement for: ConfigMenuManager:AudioManager:HoverSFX
[Debug  :me.loaforc.soundapi] Getting replacement for: ConfigMenuManager:AudioManager:HoverSFX
[Debug  :me.loaforc.soundapi] Getting replacement for: ConfigMenuManager:AudioManager:HoverSFX
[Debug  :me.loaforc.soundapi] Getting replacement for: Canvas:MenuManager:Button4
[Debug  :me.loaforc.soundapi] Getting replacement for: ConfigMenuManager:AudioManager:ConfirmSFX
[Debug  :me.loaforc.soundapi] Getting replacement for: ConfigMenuManager:AudioManager:HoverSFX
[Debug  :me.loaforc.soundapi] Getting replacement for: Canvas:MenuManager:Button4
[Debug  :me.loaforc.soundapi] Getting replacement for: ConfigMenuManager:AudioManager:ConfirmSFX
[Debug  :me.loaforc.soundapi] Getting replacement for: ConfigMenuManager:AudioManager:HoverSFX
[Debug  :me.loaforc.soundapi] Getting replacement for: ConfigMenuManager:AudioManager:HoverSFX
[Debug  :me.loaforc.soundapi] Getting replacement for: ConfigMenuManager:AudioManager:HoverSFX
[Debug  :me.loaforc.soundapi] Getting replacement for: ConfigMenuManager:AudioManager:HoverSFX
[Info   :RugbugRedfern.SkinwalkerMod] Audio folder not present. Don't worry about it, it will be created automatically when you play with friends. (C:/Program Files (x86)/Steam/steamapps/common/Lethal Company/Lethal Company_Data\..\Dissonance_Diagnostics)
[Debug  :me.loaforc.soundapi] Getting replacement for: ConfigMenuManager:AudioManager:HoverSFX
[Debug  :me.loaforc.soundapi] Getting replacement for: ConfigMenuManager:AudioManager:HoverSFX
[Debug  :me.loaforc.soundapi] Getting replacement for: ConfigMenuManager:AudioManager:HoverSFX
[Debug  :me.loaforc.soundapi] Getting replacement for: ConfigMenuManager:AudioManager:HoverSFX
[Debug  :me.loaforc.soundapi] Getting replacement for: ConfigMenuManager:AudioManager:HoverSFX
[Debug  :me.loaforc.soundapi] Getting replacement for: ConfigMenuManager:AudioManager:HoverSFX
[Debug  :me.loaforc.soundapi] Getting replacement for: ConfigMenuManager:AudioManager:HoverSFX
[Debug  :me.loaforc.soundapi] Getting replacement for: ConfigMenuManager:AudioManager:HoverSFX
[Debug  :me.loaforc.soundapi] Getting replacement for: ConfigMenuManager:AudioManager:HoverSFX
[Debug  :me.loaforc.soundapi] Getting replacement for: ConfigMenuManager:AudioManager:HoverSFX
[Debug  :me.loaforc.soundapi] Getting replacement for: ConfigMenuManager:AudioManager:HoverSFX
[Debug  :me.loaforc.soundapi] Getting replacement for: ConfigMenuManager:AudioManager:HoverSFX
[Debug  :me.loaforc.soundapi] Getting replacement for: ConfigMenuManager:AudioManager:HoverSFX
[Debug  :me.loaforc.soundapi] Getting replacement for: ConfigMenuManager:AudioManager:HoverSFX
[Debug  :me.loaforc.soundapi] Getting replacement for: ConfigMenuManager:AudioManager:HoverSFX
[Info   :RugbugRedfern.SkinwalkerMod] Audio folder not present. Don't worry about it, it will be created automatically when you play with friends. (C:/Program Files (x86)/Steam/steamapps/common/Lethal Company/Lethal Company_Data\..\Dissonance_Diagnostics)
[Debug  :me.loaforc.soundapi] Getting replacement for: ConfigMenuManager:AudioManager:HoverSFX
[Debug  :me.loaforc.soundapi] Getting replacement for: Canvas:MenuManager:Button4
[Debug  :me.loaforc.soundapi] Getting replacement for: ConfigMenuManager:AudioManager:ChangeValueSFX
[Info   :RugbugRedfern.SkinwalkerMod] Audio folder not present. Don't worry about it, it will be created automatically when you play with friends. (C:/Program Files (x86)/Steam/steamapps/common/Lethal Company/Lethal Company_Data\..\Dissonance_Diagnostics)
[Debug  :me.loaforc.soundapi] Getting replacement for: ConfigMenuManager:AudioManager:HoverSFX
[Debug  :me.loaforc.soundapi] Getting replacement for: ConfigMenuManager:AudioManager:HoverSFX
[Debug  :me.loaforc.soundapi] Getting replacement for: ConfigMenuManager:AudioManager:HoverSFX
[Debug  :me.loaforc.soundapi] Getting replacement for: ConfigMenuManager:AudioManager:HoverSFX
[Debug  :me.loaforc.soundapi] Getting replacement for: ConfigMenuManager:AudioManager:HoverSFX
[Debug  :me.loaforc.soundapi] Getting replacement for: ConfigMenuManager:AudioManager:HoverSFX
[Debug  :me.loaforc.soundapi] Getting replacement for: ConfigMenuManager:AudioManager:HoverSFX
[Debug  :me.loaforc.soundapi] Getting replacement for: ConfigMenuManager:AudioManager:HoverSFX
[Debug  :me.loaforc.soundapi] Getting replacement for: Canvas:MenuManager:Button4
[Info   :RugbugRedfern.SkinwalkerMod] Audio folder not present. Don't worry about it, it will be created automatically when you play with friends. (C:/Program Files (x86)/Steam/steamapps/common/Lethal Company/Lethal Company_Data\..\Dissonance_Diagnostics)
[Debug  :me.loaforc.soundapi] Getting replacement for: ConfigMenuManager:AudioManager:HoverSFX
[Debug  :me.loaforc.soundapi] Getting replacement for: ConfigMenuManager:AudioManager:HoverSFX
[Debug  :me.loaforc.soundapi] Getting replacement for: ConfigMenuManager:AudioManager:HoverSFX
[Debug  :me.loaforc.soundapi] Getting replacement for: ConfigMenuManager:AudioManager:HoverSFX
[Debug  :me.loaforc.soundapi] Getting replacement for: ConfigMenuManager:AudioManager:HoverSFX
[Debug  :me.loaforc.soundapi] Getting replacement for: ConfigMenuManager:AudioManager:HoverSFX
[Debug  :me.loaforc.soundapi] Getting replacement for: Canvas:MenuManager:Button4
[Debug  :me.loaforc.soundapi] Getting replacement for: ConfigMenuManager:AudioManager:ConfirmSFX
[Debug  :me.loaforc.soundapi] Getting replacement for: ConfigMenuManager:AudioManager:HoverSFX
[Debug  :me.loaforc.soundapi] Getting replacement for: ConfigMenuManager:AudioManager:HoverSFX
[Debug  :me.loaforc.soundapi] Getting replacement for: ConfigMenuManager:AudioManager:HoverSFX
[Debug  :me.loaforc.soundapi] Getting replacement for: Canvas:MenuManager:Button4
[Debug  :me.loaforc.soundapi] Getting replacement for: ConfigMenuManager:AudioManager:ConfirmSFX
[Debug  :me.loaforc.soundapi] Getting replacement for: ConfigMenuManager:AudioManager:HoverSFX
[Info   :RugbugRedfern.SkinwalkerMod] Audio folder not present. Don't worry about it, it will be created automatically when you play with friends. (C:/Program Files (x86)/Steam/steamapps/common/Lethal Company/Lethal Company_Data\..\Dissonance_Diagnostics)
[Debug  :me.loaforc.soundapi] Getting replacement for: ConfigMenuManager:AudioManager:HoverSFX
[Debug  :me.loaforc.soundapi] Getting replacement for: Canvas:MenuManager:Button4
[Debug  :me.loaforc.soundapi] Getting replacement for: ConfigMenuManager:AudioManager:HoverSFX
[Debug  :me.loaforc.soundapi] Getting replacement for: ConfigMenuManager:AudioManager:HoverSFX
[Debug  :me.loaforc.soundapi] Getting replacement for: Canvas:MenuManager:Button4
[Debug  :me.loaforc.soundapi] Getting replacement for: ConfigMenuManager:AudioManager:ConfirmSFX
[Debug  :me.loaforc.soundapi] Getting replacement for: ConfigMenuManager:AudioManager:HoverSFX
[Debug  :me.loaforc.soundapi] Getting replacement for: Canvas:MenuManager:Button4
[Debug  :me.loaforc.soundapi] Getting replacement for: ConfigMenuManager:AudioManager:ConfirmSFX
[Debug  :me.loaforc.soundapi] Getting replacement for: Canvas:MenuManager:Button4
[Debug  :me.loaforc.soundapi] Getting replacement for: ConfigMenuManager:AudioManager:ConfirmSFX
[Info   :ainavt.lc.lethalconfig] Saved config values for 8 items.
[Info   :ainavt.lc.lethalconfig] Modified 8 item(s) that requires a restart.
[Debug  :me.loaforc.soundapi] Getting replacement for: Canvas:MenuManager:Button4
[Debug  :me.loaforc.soundapi] Getting replacement for: ConfigMenuManager:AudioManager:ConfirmSFX
[Debug  :me.loaforc.soundapi] Getting replacement for: ConfigMenuManager:AudioManager:HoverSFX
[Debug  :me.loaforc.soundapi] Getting replacement for: Canvas:MenuManager:Button4
[Debug  :me.loaforc.soundapi] Getting replacement for: ConfigMenuManager:AudioManager:CancelSFX
[Debug  :me.loaforc.soundapi] Getting replacement for: Canvas:MenuManager:Button4
[Error  : Unity Log] Error while disconnecting: System.NullReferenceException: Object reference not set to an instance of an object
  at SpectateEnemy.Patches.GameNetworkManager_Patches.Postfix () [0x00001] in <0991d25543da43b3b780f4b25d9bf5ec>:IL_0001 
  at (wrapper dynamic-method) GameNetworkManager.DMD<GameNetworkManager::Disconnect>(GameNetworkManager)
  at GameNetworkManager.OnApplicationQuit () [0x00015] in <af9b1eec498a45aebd42601d6ab85015>:IL_0015 
[Error  : Unity Log] Releasing render texture that is set as Camera.targetTexture!
[Info   : Unity Log] unsubscribing from steam callbacks
